2022-03-07 07:14:55,042 Epoch 0: Training Loss 430.2455139160156
2022-03-07 07:15:55,984 Epoch 1: Training Loss 354.74277997016907
2022-03-07 07:16:59,070 Epoch 2: Training Loss 296.8191295862198
2022-03-07 07:17:57,534 Epoch 3: Training Loss 254.26615619659424
2022-03-07 07:18:54,824 Epoch 4: Training Loss 222.72675740718842
2022-03-07 07:19:52,086 Epoch 5: Training Loss 199.2522497177124
2022-03-07 07:20:49,031 Epoch 6: Training Loss 181.41785031557083
2022-03-07 07:21:46,081 Epoch 7: Training Loss 167.7600792646408
2022-03-07 07:22:42,991 Epoch 8: Training Loss 157.17755430936813
2022-03-07 07:23:40,168 Epoch 9: Training Loss 148.83999854326248
2022-03-07 07:24:36,861 Epoch 10: Training Loss 142.22737562656403
2022-03-07 07:25:33,347 Epoch 11: Training Loss 136.9129644036293
2022-03-07 07:26:30,112 Epoch 12: Training Loss 132.51308715343475
2022-03-07 07:27:28,105 Epoch 13: Training Loss 128.6286227107048
2022-03-07 07:28:26,952 Epoch 14: Training Loss 125.71090412139893
2022-03-07 07:29:25,122 Epoch 15: Training Loss 123.3029333949089
2022-03-07 07:30:23,289 Epoch 16: Training Loss 121.28298765420914
2022-03-07 07:31:21,493 Epoch 17: Training Loss 119.58076786994934
2022-03-07 07:32:19,701 Epoch 18: Training Loss 118.14272427558899
2022-03-07 07:33:18,208 Epoch 19: Training Loss 116.8904857635498
2022-03-07 07:34:16,503 Epoch 20: Training Loss 115.85068637132645
2022-03-07 07:35:14,856 Epoch 21: Training Loss 114.88522094488144
2022-03-07 07:36:13,316 Epoch 22: Training Loss 114.09339642524719
2022-03-07 07:37:11,433 Epoch 23: Training Loss 113.34074687957764
2022-03-07 07:38:09,521 Epoch 24: Training Loss 112.76978695392609
2022-03-07 07:39:08,055 Epoch 25: Training Loss 112.13111901283264
2022-03-07 07:40:06,271 Epoch 26: Training Loss 111.69181537628174
2022-03-07 07:41:04,668 Epoch 27: Training Loss 111.19681924581528
2022-03-07 07:42:02,875 Epoch 28: Training Loss 110.7714432477951
2022-03-07 07:43:01,089 Epoch 29: Training Loss 110.41225796937943
2022-03-07 07:43:59,425 Epoch 30: Training Loss 110.11159321665764
2022-03-07 07:44:57,667 Epoch 31: Training Loss 109.79931309819221
2022-03-07 07:45:55,832 Epoch 32: Training Loss 109.60886353254318
2022-03-07 07:46:53,895 Epoch 33: Training Loss 109.310261875391
2022-03-07 07:47:52,036 Epoch 34: Training Loss 109.11123764514923
2022-03-07 07:48:50,423 Epoch 35: Training Loss 108.92661041021347
2022-03-07 07:49:48,500 Epoch 36: Training Loss 108.7488285601139
2022-03-07 07:50:46,752 Epoch 37: Training Loss 108.60357561707497
2022-03-07 07:51:44,972 Epoch 38: Training Loss 108.4931167960167
2022-03-07 07:52:43,759 Epoch 39: Training Loss 108.35142469406128
2022-03-07 07:53:42,201 Epoch 40: Training Loss 108.29066374897957
2022-03-07 07:54:40,600 Epoch 41: Training Loss 108.19806933403015
2022-03-07 07:55:38,929 Epoch 42: Training Loss 108.09711116552353
2022-03-07 07:56:37,279 Epoch 43: Training Loss 108.01606577634811
2022-03-07 07:57:35,831 Epoch 44: Training Loss 107.97607931494713
2022-03-07 07:58:34,081 Epoch 45: Training Loss 107.92444786429405
2022-03-07 07:59:32,167 Epoch 46: Training Loss 107.90705841779709
2022-03-07 08:00:30,537 Epoch 47: Training Loss 107.86371895670891
2022-03-07 08:01:28,613 Epoch 48: Training Loss 107.85480260848999
2022-03-07 08:02:27,050 Epoch 49: Training Loss 107.87285938858986
2022-03-07 08:02:27,050
RESULTS ON TEST DATA:
2022-03-07 09:53:05,625 	     precision: 0.9384
2022-03-07 09:53:05,625 	        recall: 0.9373
2022-03-07 09:53:05,625 	            F1: 0.9360
2022-03-07 09:53:05,625 	      accuracy: 0.9384