/gypsum/scratch1/nikhilagarwa/anaconda3/envs/nikhil/lib/python3.9/site-packages/torch/nn/modules/loss.py:97: UserWarning: Using a target size (torch.Size([1999, 1])) that is different to the input size (torch.Size([])). This will likely lead to incorrect results due to broadcasting. Please ensure they have the same size.
  return F.l1_loss(input, target, reduction=self.reduction)
/gypsum/scratch1/nikhilagarwa/anaconda3/envs/nikhil/lib/python3.9/site-packages/torch/nn/modules/loss.py:97: UserWarning: Using a target size (torch.Size([499, 1])) that is different to the input size (torch.Size([])). This will likely lead to incorrect results due to broadcasting. Please ensure they have the same size.
  return F.l1_loss(input, target, reduction=self.reduction)
/gypsum/scratch1/nikhilagarwa/anaconda3/envs/nikhil/lib/python3.9/site-packages/torch/nn/modules/loss.py:97: UserWarning: Using a target size (torch.Size([249, 1])) that is different to the input size (torch.Size([])). This will likely lead to incorrect results due to broadcasting. Please ensure they have the same size.
  return F.l1_loss(input, target, reduction=self.reduction)
Best training loss for hp = 100 is 9617.56359644023
Layer 1 parameters of the best model are:  tensor([[-0.1124,  0.2930,  0.1379,  0.0444, -0.2036, -0.0514, -0.2497, -0.2494,
         -0.3150, -0.2250],
        [-0.0283, -0.2422,  0.2848, -0.2104, -0.0912, -0.1891, -0.2807, -0.1128,
         -0.1197, -0.1885],
        [-0.0331,  0.0915, -0.0272,  0.2902, -0.0951,  0.0071,  0.0850,  0.2515,
         -0.2799, -0.2824],
        [-0.3056, -0.0832, -0.0684,  0.2448,  0.1002, -0.2027,  0.1688,  0.2561,
          0.1393,  0.2952],
        [-0.0486, -0.2082,  0.2176,  0.2986,  0.0336,  0.2487,  0.1141,  0.1112,
         -0.0954,  0.2644],
        [-0.0049, -0.0755,  0.2186,  0.1433, -0.1790, -0.0525,  0.0867,  0.0394,
          0.1172,  0.2695],
        [ 0.0757,  0.0448,  0.1376,  0.2723, -0.1225,  0.2373,  0.2188, -0.2446,
         -0.2251,  0.1956],
        [ 0.1085, -0.2348,  0.1529, -0.1381, -0.0666, -0.3256,  0.1151, -0.0858,
         -0.2615,  0.0222],
        [ 0.1697,  0.1872, -0.1706,  0.2136,  0.0942,  0.1336, -0.1187, -0.0636,
         -0.3050,  0.0992],
        [ 0.2573, -0.3054, -0.2908,  0.0974,  0.0934,  0.1321, -0.1117, -0.2675,
          0.1868,  0.1718]], device='cuda:0', dtype=torch.float64)
Validation evaluation loss on best model for hp = 100 is 8.443117527574804
Best training loss for hp = 10 is 964.113573387558
Layer 1 parameters of the best model are:  tensor([[-0.1137,  0.2917,  0.1366,  0.0431, -0.2049, -0.0527, -0.2510, -0.2507,
         -0.3163, -0.2263],
        [-0.0296, -0.2435,  0.2835, -0.2117, -0.0925, -0.1904, -0.2820, -0.1141,
         -0.1210, -0.1898],
        [-0.0344,  0.0902, -0.0285,  0.2889, -0.0964,  0.0058,  0.0837,  0.2501,
         -0.2813, -0.2837],
        [-0.3069, -0.0845, -0.0697,  0.2435,  0.0989, -0.2040,  0.1675,  0.2548,
          0.1380,  0.2939],
        [-0.0499, -0.2096,  0.2163,  0.2973,  0.0323,  0.2474,  0.1128,  0.1099,
         -0.0967,  0.2631],
        [-0.0062, -0.0768,  0.2173,  0.1420, -0.1803, -0.0538,  0.0854,  0.0381,
          0.1159,  0.2682],
        [ 0.0744,  0.0435,  0.1363,  0.2710, -0.1238,  0.2360,  0.2175, -0.2460,
         -0.2264,  0.1943],
        [ 0.1072, -0.2361,  0.1516, -0.1394, -0.0679, -0.3269,  0.1138, -0.0872,
         -0.2628,  0.0209],
        [ 0.1684,  0.1859, -0.1719,  0.2123,  0.0929,  0.1323, -0.1200, -0.0649,
         -0.3063,  0.0979],
        [ 0.2560, -0.3067, -0.2921,  0.0961,  0.0920,  0.1308, -0.1130, -0.2688,
          0.1855,  0.1705]], device='cuda:0', dtype=torch.float64)
Validation evaluation loss on best model for hp = 10 is 40.95703152055839
Best training loss for hp = 1 is 97.56626874445823
Layer 1 parameters of the best model are:  tensor([[-0.1127,  0.2927,  0.1376,  0.0441, -0.2040, -0.0517, -0.2500, -0.2497,
         -0.3153, -0.2253],
        [-0.0286, -0.2425,  0.2844, -0.2107, -0.0915, -0.1895, -0.2810, -0.1131,
         -0.1200, -0.1888],
        [-0.0334,  0.0912, -0.0275,  0.2899, -0.0954,  0.0068,  0.0847,  0.2511,
         -0.2803, -0.2827],
        [-0.3059, -0.0835, -0.0687,  0.2445,  0.0999, -0.2030,  0.1685,  0.2558,
          0.1390,  0.2948],
        [-0.0489, -0.2086,  0.2173,  0.2983,  0.0333,  0.2484,  0.1138,  0.1109,
         -0.0957,  0.2641],
        [-0.0053, -0.0758,  0.2183,  0.1430, -0.1793, -0.0528,  0.0864,  0.0391,
          0.1169,  0.2692],
        [ 0.0754,  0.0445,  0.1373,  0.2720, -0.1228,  0.2370,  0.2184, -0.2450,
         -0.2254,  0.1953],
        [ 0.1082, -0.2351,  0.1526, -0.1384, -0.0669, -0.3259,  0.1148, -0.0862,
         -0.2618,  0.0219],
        [ 0.1694,  0.1869, -0.1709,  0.2133,  0.0939,  0.1333, -0.1190, -0.0639,
         -0.3053,  0.0989],
        [ 0.2570, -0.3057, -0.2911,  0.0971,  0.0930,  0.1318, -0.1120, -0.2678,
          0.1865,  0.1715]], device='cuda:0', dtype=torch.float64)
Validation evaluation loss on best model for hp = 1 is 16.291811438493752
Best training loss for hp = 0.01 is 5.135589571056998
Layer 1 parameters of the best model are:  tensor([[-0.1147,  0.2907,  0.1356,  0.0421, -0.2060, -0.0537, -0.2520, -0.2517,
         -0.3173, -0.2273],
        [-0.0306, -0.2445,  0.2824, -0.2127, -0.0935, -0.1915, -0.2830, -0.1151,
         -0.1220, -0.1908],
        [-0.0354,  0.0892, -0.0295,  0.2879, -0.0974,  0.0048,  0.0827,  0.2491,
         -0.2823, -0.2847],
        [-0.3079, -0.0855, -0.0707,  0.2425,  0.0979, -0.2050,  0.1665,  0.2538,
          0.1370,  0.2928],
        [-0.0509, -0.2106,  0.2153,  0.2963,  0.0313,  0.2464,  0.1118,  0.1089,
         -0.0977,  0.2621],
        [-0.0072, -0.0778,  0.2163,  0.1410, -0.1813, -0.0548,  0.0844,  0.0371,
          0.1149,  0.2672],
        [ 0.0734,  0.0425,  0.1353,  0.2700, -0.1248,  0.2350,  0.2164, -0.2470,
         -0.2274,  0.1933],
        [ 0.1062, -0.2371,  0.1506, -0.1404, -0.0689, -0.3279,  0.1128, -0.0882,
         -0.2638,  0.0199],
        [ 0.1674,  0.1849, -0.1729,  0.2113,  0.0919,  0.1313, -0.1210, -0.0659,
         -0.3073,  0.0969],
        [ 0.2550, -0.3077, -0.2931,  0.0951,  0.0910,  0.1298, -0.1140, -0.2698,
          0.1845,  0.1695]], device='cuda:0', dtype=torch.float64)
Validation evaluation loss on best model for hp = 0.01 is 65.88446034774778
Best training loss for hp = 0.001 is 24.966920572292025
Layer 1 parameters of the best model are:  tensor([[-0.1143,  0.2911,  0.1361,  0.0425, -0.2055, -0.0533, -0.2516, -0.2513,
         -0.3169, -0.2269],
        [-0.0302, -0.2440,  0.2829, -0.2123, -0.0931, -0.1910, -0.2826, -0.1147,
         -0.1216, -0.1904],
        [-0.0350,  0.0896, -0.0291,  0.2883, -0.0970,  0.0052,  0.0831,  0.2496,
         -0.2818, -0.2843],
        [-0.3075, -0.0851, -0.0703,  0.2429,  0.0983, -0.2046,  0.1669,  0.2542,
          0.1374,  0.2933],
        [-0.0505, -0.2101,  0.2157,  0.2967,  0.0317,  0.2468,  0.1122,  0.1093,
         -0.0973,  0.2625],
        [-0.0068, -0.0774,  0.2167,  0.1414, -0.1809, -0.0544,  0.0848,  0.0375,
          0.1153,  0.2676],
        [ 0.0738,  0.0429,  0.1357,  0.2704, -0.1244,  0.2354,  0.2169, -0.2465,
         -0.2270,  0.1937],
        [ 0.1066, -0.2367,  0.1510, -0.1400, -0.0685, -0.3275,  0.1132, -0.0877,
         -0.2634,  0.0203],
        [ 0.1678,  0.1853, -0.1725,  0.2117,  0.0923,  0.1317, -0.1206, -0.0655,
         -0.3069,  0.0973],
        [ 0.2554, -0.3073, -0.2927,  0.0955,  0.0915,  0.1302, -0.1136, -0.2694,
          0.1849,  0.1699]], device='cuda:0', dtype=torch.float64)
Validation evaluation loss on best model for hp = 0.001 is 55.53431695992554
Best training loss for hp = 0.0001 is 7.991079822738423
Layer 1 parameters of the best model are:  tensor([[-0.1083,  0.2971,  0.1421,  0.0485, -0.1995, -0.0473, -0.2456, -0.2452,
         -0.3109, -0.2208],
        [-0.0242, -0.2380,  0.2889, -0.2063, -0.0871, -0.1850, -0.2766, -0.1086,
         -0.1155, -0.1844],
        [-0.0290,  0.0957, -0.0231,  0.2943, -0.0909,  0.0112,  0.0891,  0.2556,
         -0.2758, -0.2783],
        [-0.3015, -0.0791, -0.0643,  0.2489,  0.1043, -0.1986,  0.1729,  0.2602,
          0.1435,  0.2993],
        [-0.0445, -0.2041,  0.2217,  0.3027,  0.0377,  0.2528,  0.1182,  0.1153,
         -0.0913,  0.2685],
        [-0.0008, -0.0714,  0.2228,  0.1474, -0.1748, -0.0484,  0.0908,  0.0435,
          0.1213,  0.2736],
        [ 0.0798,  0.0489,  0.1417,  0.2765, -0.1184,  0.2414,  0.2229, -0.2405,
         -0.2210,  0.1997],
        [ 0.1126, -0.2307,  0.1570, -0.1340, -0.0625, -0.3215,  0.1193, -0.0817,
         -0.2574,  0.0263],
        [ 0.1738,  0.1913, -0.1664,  0.2177,  0.0983,  0.1377, -0.1146, -0.0595,
         -0.3009,  0.1033],
        [ 0.2614, -0.3013, -0.2867,  0.1015,  0.0975,  0.1363, -0.1076, -0.2634,
          0.1909,  0.1759]], device='cuda:0', dtype=torch.float64)
Validation evaluation loss on best model for hp = 0.0001 is 93.74319711500635
Best training loss for hp = 1e-05 is 2.1458228857277897
Layer 1 parameters of the best model are:  tensor([[-0.1131,  0.2923,  0.1373,  0.0438, -0.2043, -0.0521, -0.2504, -0.2500,
         -0.3157, -0.2256],
        [-0.0290, -0.2428,  0.2841, -0.2110, -0.0918, -0.1898, -0.2814, -0.1134,
         -0.1203, -0.1892],
        [-0.0338,  0.0909, -0.0278,  0.2896, -0.0957,  0.0064,  0.0843,  0.2508,
         -0.2806, -0.2831],
        [-0.3062, -0.0839, -0.0691,  0.2441,  0.0995, -0.2033,  0.1681,  0.2554,
          0.1387,  0.2945],
        [-0.0492, -0.2089,  0.2169,  0.2980,  0.0330,  0.2480,  0.1134,  0.1105,
         -0.0961,  0.2638],
        [-0.0056, -0.0762,  0.2180,  0.1426, -0.1796, -0.0531,  0.0860,  0.0387,
          0.1166,  0.2688],
        [ 0.0751,  0.0441,  0.1370,  0.2717, -0.1232,  0.2367,  0.2181, -0.2453,
         -0.2257,  0.1949],
        [ 0.1078, -0.2355,  0.1522, -0.1387, -0.0672, -0.3262,  0.1145, -0.0865,
         -0.2621,  0.0216],
        [ 0.1691,  0.1865, -0.1712,  0.2129,  0.0935,  0.1329, -0.1194, -0.0643,
         -0.3057,  0.0985],
        [ 0.2566, -0.3061, -0.2915,  0.0967,  0.0927,  0.1315, -0.1124, -0.2682,
          0.1861,  0.1712]], device='cuda:0', dtype=torch.float64)
Validation evaluation loss on best model for hp = 1e-05 is 24.898081527559103
Best layer 1 validation model parameters: tensor([[-0.1124,  0.2930,  0.1379,  0.0444, -0.2036, -0.0514, -0.2497, -0.2494,
         -0.3150, -0.2250],
        [-0.0283, -0.2422,  0.2848, -0.2104, -0.0912, -0.1891, -0.2807, -0.1128,
         -0.1197, -0.1885],
        [-0.0331,  0.0915, -0.0272,  0.2902, -0.0951,  0.0071,  0.0850,  0.2515,
         -0.2799, -0.2824],
        [-0.3056, -0.0832, -0.0684,  0.2448,  0.1002, -0.2027,  0.1688,  0.2561,
          0.1393,  0.2952],
        [-0.0486, -0.2082,  0.2176,  0.2986,  0.0336,  0.2487,  0.1141,  0.1112,
         -0.0954,  0.2644],
        [-0.0049, -0.0755,  0.2186,  0.1433, -0.1790, -0.0525,  0.0867,  0.0394,
          0.1172,  0.2695],
        [ 0.0757,  0.0448,  0.1376,  0.2723, -0.1225,  0.2373,  0.2188, -0.2446,
         -0.2251,  0.1956],
        [ 0.1085, -0.2348,  0.1529, -0.1381, -0.0666, -0.3256,  0.1151, -0.0858,
         -0.2615,  0.0222],
        [ 0.1697,  0.1872, -0.1706,  0.2136,  0.0942,  0.1336, -0.1187, -0.0636,
         -0.3050,  0.0992],
        [ 0.2573, -0.3054, -0.2908,  0.0974,  0.0934,  0.1321, -0.1117, -0.2675,
          0.1868,  0.1718]], device='cuda:0', dtype=torch.float64)
Best hyperparameter is: 100
Test loss of best validation model is 1.671453770254701
