Best training loss for hp = 100 is 9772.763133238095
Layer 1 parameters of the best model are:  tensor([[ 0.1832,  0.1856, -0.1749,  0.0307,  0.1971, -0.1453, -0.1504,  0.1018,
         -0.0222, -0.2901],
        [ 0.1291, -0.2957, -0.0063, -0.0390,  0.1506, -0.2756, -0.1926, -0.1404,
         -0.1478, -0.0513],
        [-0.3214, -0.2426, -0.1317,  0.1289, -0.2122,  0.0508, -0.2843, -0.2099,
          0.2192,  0.0323],
        [-0.2265, -0.0788,  0.0919,  0.1724, -0.0073, -0.0606,  0.0755, -0.0482,
          0.1842,  0.2638],
        [-0.2040,  0.1762,  0.2828,  0.1687,  0.2088, -0.1403, -0.3087,  0.1319,
          0.1710, -0.2429],
        [ 0.0500, -0.1689, -0.0761, -0.0166, -0.2621,  0.2211, -0.2850,  0.2017,
          0.0697,  0.2164],
        [-0.2970, -0.0037, -0.0737,  0.2366,  0.1221,  0.2761,  0.0074, -0.2435,
         -0.0137, -0.2676],
        [ 0.0796,  0.1672,  0.3030,  0.1640, -0.2203, -0.1998,  0.3086,  0.2886,
          0.1960,  0.2396],
        [ 0.1137, -0.2721,  0.1677, -0.1398, -0.2588, -0.0469,  0.0844,  0.1975,
          0.0423, -0.2221],
        [-0.0184, -0.1082, -0.0101,  0.2225,  0.2412,  0.2079, -0.1304, -0.1267,
         -0.2844, -0.0371]], device='cuda:0', dtype=torch.float64)
Layer 2 parameters of the best model are:  tensor([[-0.0176,  0.0150, -0.0912,  0.2037, -0.2083,  0.1783,  0.2686,  0.1085,
         -0.0831,  0.1578]], device='cuda:0', dtype=torch.float64)
Validation evaluation loss on best model for hp = 100 is 4.871134856060943
Best training loss for hp = 10 is 981.741033397175
Layer 1 parameters of the best model are:  tensor([[ 0.1941,  0.1965, -0.1641,  0.0415,  0.2079, -0.1344, -0.1395,  0.1127,
         -0.0113, -0.2793],
        [ 0.1200, -0.3046, -0.0153, -0.0480,  0.1416, -0.2810, -0.1998, -0.1491,
         -0.1552, -0.0603],
        [-0.3325, -0.2531, -0.1423,  0.1186, -0.2227,  0.0403, -0.2948, -0.2201,
          0.2086,  0.0217],
        [-0.2352, -0.0875,  0.0831,  0.1636, -0.0161, -0.0694,  0.0667, -0.0570,
          0.1755,  0.2551],
        [-0.2105,  0.1706,  0.2775,  0.1627,  0.2033, -0.1467, -0.3160,  0.1263,
          0.1653, -0.2503],
        [ 0.0411, -0.1779, -0.0851, -0.0255, -0.2711,  0.2121, -0.2939,  0.1927,
          0.0608,  0.2075],
        [-0.3060, -0.0126, -0.0827,  0.2277,  0.1132,  0.2672, -0.0015, -0.2525,
         -0.0227, -0.2766],
        [ 0.0708,  0.1584,  0.2941,  0.1551, -0.2292, -0.2086,  0.2998,  0.2798,
          0.1872,  0.2307],
        [ 0.1040, -0.2821,  0.1581, -0.1498, -0.2689, -0.0569,  0.0743,  0.1878,
          0.0325, -0.2325],
        [-0.0273, -0.1172, -0.0191,  0.2136,  0.2323,  0.1989, -0.1394, -0.1357,
         -0.2934, -0.0460]], device='cuda:0', dtype=torch.float64)
Layer 2 parameters of the best model are:  tensor([[-0.0266,  0.0059, -0.0802,  0.1947, -0.2020,  0.1693,  0.2596,  0.0997,
         -0.0731,  0.1488]], device='cuda:0', dtype=torch.float64)
Validation evaluation loss on best model for hp = 10 is 4.894544658852972
Best training loss for hp = 1 is 102.63882341308296
Layer 1 parameters of the best model are:  tensor([[ 0.1934,  0.1958, -0.1647,  0.0409,  0.2073, -0.1350, -0.1401,  0.1120,
         -0.0119, -0.2799],
        [ 0.1191, -0.3056, -0.0162, -0.0489,  0.1407, -0.2820, -0.2007, -0.1500,
         -0.1561, -0.0613],
        [-0.3351, -0.2561, -0.1452,  0.1155, -0.2255,  0.0373, -0.2978, -0.2233,
          0.2057,  0.0188],
        [-0.2357, -0.0880,  0.0826,  0.1631, -0.0166, -0.0699,  0.0662, -0.0574,
          0.1750,  0.2546],
        [-0.2138,  0.1671,  0.2740,  0.1594,  0.1998, -0.1501, -0.3192,  0.1229,
          0.1618, -0.2534],
        [ 0.0406, -0.1784, -0.0856, -0.0260, -0.2716,  0.2116, -0.2945,  0.1922,
          0.0603,  0.2069],
        [-0.3065, -0.0132, -0.0832,  0.2272,  0.1126,  0.2666, -0.0021, -0.2530,
         -0.0232, -0.2772],
        [ 0.0703,  0.1579,  0.2936,  0.1546, -0.2297, -0.2091,  0.2993,  0.2793,
          0.1866,  0.2302],
        [ 0.1008, -0.2853,  0.1548, -0.1530, -0.2720, -0.0599,  0.0712,  0.1846,
          0.0293, -0.2355],
        [-0.0278, -0.1177, -0.0196,  0.2130,  0.2318,  0.1984, -0.1399, -0.1362,
         -0.2939, -0.0465]], device='cuda:0', dtype=torch.float64)
Layer 2 parameters of the best model are:  tensor([[-0.0272,  0.0050, -0.0774,  0.1942, -0.1985,  0.1688,  0.2591,  0.0991,
         -0.0700,  0.1482]], device='cuda:0', dtype=torch.float64)
Validation evaluation loss on best model for hp = 1 is 4.893415885988938
Best training loss for hp = 0.01 is 2.162974607564267
Layer 1 parameters of the best model are:  tensor([[ 0.3583,  0.3083, -0.1097,  0.0028,  0.3250, -0.0874, -0.0459,  0.1856,
          0.0444, -0.2466],
        [ 0.1192, -0.3055, -0.0162, -0.0489,  0.1408, -0.2820, -0.2007, -0.1500,
         -0.1561, -0.0612],
        [-0.5907, -0.4935, -0.3904, -0.1448, -0.5048, -0.2230, -0.5504, -0.4621,
         -0.0532, -0.2383],
        [ 0.3578,  0.4441,  0.5466,  0.5111,  0.5198,  0.3815,  0.5738,  0.4301,
          0.6413,  0.6925],
        [-0.5964, -0.2336, -0.1328, -0.2388, -0.2015, -0.5343, -0.6891, -0.2781,
         -0.2371, -0.6259],
        [ 0.5065,  0.2206,  0.2563,  0.2197,  0.1246,  0.5621,  0.0715,  0.5753,
          0.4143,  0.5418],
        [ 0.1473,  0.4121,  0.2746,  0.5079,  0.5517,  0.6476,  0.4011,  0.1090,
          0.3408,  0.0369],
        [ 0.6114,  0.6346,  0.6981,  0.4397,  0.2502,  0.1840,  0.7482,  0.7101,
          0.5928,  0.6058],
        [-0.1856, -0.5554, -0.1336, -0.4272, -0.5457, -0.3379, -0.2085, -0.1022,
         -0.2547, -0.5034],
        [ 0.4253,  0.2758,  0.3175,  0.4615,  0.6477,  0.5389,  0.2286,  0.2159,
          0.0284,  0.2652]], device='cuda:0', dtype=torch.float64)
Layer 2 parameters of the best model are:  tensor([[0.1485, 0.0050, 0.1576, 0.5524, 0.1808, 0.3896, 0.4319, 0.5364, 0.2117,
         0.3754]], device='cuda:0', dtype=torch.float64)
Validation evaluation loss on best model for hp = 0.01 is 0.008714488923566101
Best training loss for hp = 0.001 is 0.2165203726117392
Layer 1 parameters of the best model are:  tensor([[ 0.3849,  0.3294, -0.0964, -0.0134,  0.3367, -0.0955, -0.0235,  0.1973,
          0.0570, -0.2380],
        [ 0.1192, -0.3055, -0.0161, -0.0489,  0.1408, -0.2820, -0.2007, -0.1500,
         -0.1561, -0.0612],
        [-0.5810, -0.4910, -0.3867, -0.1366, -0.4841, -0.2127, -0.5529, -0.4557,
         -0.0446, -0.2378],
        [ 0.3107,  0.4091,  0.5239,  0.4960,  0.4763,  0.3415,  0.5487,  0.4009,
          0.6187,  0.6739],
        [-0.6010, -0.2388, -0.1379, -0.2439, -0.2083, -0.5403, -0.6930, -0.2839,
         -0.2429, -0.6296],
        [ 0.5533,  0.2659,  0.2985,  0.2431,  0.1613,  0.5830,  0.1210,  0.6168,
          0.4572,  0.5820],
        [ 0.1876,  0.4530,  0.3143,  0.5324,  0.5840,  0.6665,  0.4470,  0.1468,
          0.3811,  0.0750],
        [ 0.5544,  0.5908,  0.6676,  0.4187,  0.1979,  0.1364,  0.7147,  0.6728,
          0.5626,  0.5800],
        [-0.1877, -0.5577, -0.1362, -0.4286, -0.5469, -0.3406, -0.2111, -0.1044,
         -0.2576, -0.5057],
        [ 0.4670,  0.3167,  0.3558,  0.4823,  0.6801,  0.5560,  0.2739,  0.2531,
          0.0671,  0.3015]], device='cuda:0', dtype=torch.float64)
Layer 2 parameters of the best model are:  tensor([[0.1489, 0.0050, 0.1601, 0.5126, 0.1883, 0.4196, 0.4544, 0.5012, 0.2150,
         0.4011]], device='cuda:0', dtype=torch.float64)
Validation evaluation loss on best model for hp = 0.001 is 0.0026307107800893873
Best training loss for hp = 0.0001 is 0.02245144593372715
Layer 1 parameters of the best model are:  tensor([[ 0.2497,  0.2352, -0.1253,  0.0322,  0.2488, -0.0976, -0.0786,  0.1360,
          0.0178, -0.2369],
        [ 0.1193, -0.3055, -0.0160, -0.0488,  0.1409, -0.2820, -0.2007, -0.1500,
         -0.1561, -0.0611],
        [-0.5825, -0.4924, -0.3881, -0.1385, -0.4869, -0.2146, -0.5543, -0.4573,
         -0.0464, -0.2394],
        [ 0.3827,  0.4679,  0.5505,  0.5230,  0.5464,  0.3900,  0.5808,  0.4470,
          0.6534,  0.6900],
        [-0.6037, -0.2415, -0.1412, -0.2470, -0.2110, -0.5430, -0.6951, -0.2875,
         -0.2456, -0.6318],
        [ 0.5330,  0.2419,  0.2569,  0.2235,  0.1478,  0.5687,  0.0748,  0.5913,
          0.4234,  0.5370],
        [ 0.1623,  0.4273,  0.2700,  0.5107,  0.5705,  0.6502,  0.4004,  0.1150,
          0.3437,  0.0231],
        [ 0.6256,  0.6483,  0.6921,  0.4429,  0.2665,  0.1829,  0.7447,  0.7173,
          0.5950,  0.5932],
        [-0.1898, -0.5596, -0.1384, -0.4305, -0.5488, -0.3426, -0.2130, -0.1066,
         -0.2596, -0.5074],
        [ 0.4472,  0.2938,  0.3151,  0.4639,  0.6705,  0.5422,  0.2296,  0.2256,
          0.0314,  0.2553]], device='cuda:0', dtype=torch.float64)
Layer 2 parameters of the best model are:  tensor([[0.0480, 0.0051, 0.1609, 0.5468, 0.1905, 0.3831, 0.4160, 0.5411, 0.2162,
         0.3699]], device='cuda:0', dtype=torch.float64)
Validation evaluation loss on best model for hp = 0.0001 is 0.015620864966331898
Best training loss for hp = 1e-05 is 0.002743098601252669
Layer 1 parameters of the best model are:  tensor([[ 0.3026,  0.2722, -0.1228,  0.0149,  0.2858, -0.0989, -0.0638,  0.1577,
          0.0296, -0.2483],
        [ 0.1194, -0.3054, -0.0159, -0.0487,  0.1410, -0.2820, -0.2007, -0.1500,
         -0.1561, -0.0610],
        [-0.5830, -0.4929, -0.3887, -0.1392, -0.4880, -0.2153, -0.5549, -0.4579,
         -0.0471, -0.2400],
        [ 0.3680,  0.4587,  0.5540,  0.5274,  0.5361,  0.3900,  0.5825,  0.4410,
          0.6537,  0.6974],
        [-0.6040, -0.2424, -0.1418, -0.2478, -0.2114, -0.5437, -0.6954, -0.2882,
         -0.2465, -0.6325],
        [ 0.5450,  0.2512,  0.2707,  0.2292,  0.1554,  0.5818,  0.0888,  0.6027,
          0.4362,  0.5536],
        [ 0.1571,  0.4263,  0.2748,  0.5119,  0.5700,  0.6551,  0.4067,  0.1110,
          0.3458,  0.0256],
        [ 0.6092,  0.6372,  0.6933,  0.4453,  0.2540,  0.1813,  0.7441,  0.7095,
          0.5930,  0.5980],
        [-0.1907, -0.5603, -0.1392, -0.4311, -0.5495, -0.3433, -0.2137, -0.1075,
         -0.2604, -0.5080],
        [ 0.4523,  0.2982,  0.3250,  0.4685,  0.6772,  0.5511,  0.2402,  0.2287,
          0.0361,  0.2657]], device='cuda:0', dtype=torch.float64)
Layer 2 parameters of the best model are:  tensor([[0.0931, 0.0051, 0.1612, 0.5388, 0.1907, 0.3889, 0.4106, 0.5369, 0.2167,
         0.3721]], device='cuda:0', dtype=torch.float64)
Validation evaluation loss on best model for hp = 1e-05 is 0.007920055455594995
Best layer 1 validation model parameters: tensor([[ 0.3849,  0.3294, -0.0964, -0.0134,  0.3367, -0.0955, -0.0235,  0.1973,
          0.0570, -0.2380],
        [ 0.1192, -0.3055, -0.0161, -0.0489,  0.1408, -0.2820, -0.2007, -0.1500,
         -0.1561, -0.0612],
        [-0.5810, -0.4910, -0.3867, -0.1366, -0.4841, -0.2127, -0.5529, -0.4557,
         -0.0446, -0.2378],
        [ 0.3107,  0.4091,  0.5239,  0.4960,  0.4763,  0.3415,  0.5487,  0.4009,
          0.6187,  0.6739],
        [-0.6010, -0.2388, -0.1379, -0.2439, -0.2083, -0.5403, -0.6930, -0.2839,
         -0.2429, -0.6296],
        [ 0.5533,  0.2659,  0.2985,  0.2431,  0.1613,  0.5830,  0.1210,  0.6168,
          0.4572,  0.5820],
        [ 0.1876,  0.4530,  0.3143,  0.5324,  0.5840,  0.6665,  0.4470,  0.1468,
          0.3811,  0.0750],
        [ 0.5544,  0.5908,  0.6676,  0.4187,  0.1979,  0.1364,  0.7147,  0.6728,
          0.5626,  0.5800],
        [-0.1877, -0.5577, -0.1362, -0.4286, -0.5469, -0.3406, -0.2111, -0.1044,
         -0.2576, -0.5057],
        [ 0.4670,  0.3167,  0.3558,  0.4823,  0.6801,  0.5560,  0.2739,  0.2531,
          0.0671,  0.3015]], device='cuda:0', dtype=torch.float64)
Best layer 2 validation model parameters: tensor([[0.1489, 0.0050, 0.1601, 0.5126, 0.1883, 0.4196, 0.4544, 0.5012, 0.2150,
         0.4011]], device='cuda:0', dtype=torch.float64)
Best hyperparameter is: 0.001
Test loss of best validation model is 0.002828885655673851
