Best training loss is 8.90617484759032e-05
Best layer 1 validation model parameters: tensor([[ 0.4463,  0.1837,  0.1876,  0.5051,  0.4627,  0.1709,  0.2765,  0.4493,
          0.4069,  0.3539],
        [ 0.4497,  0.5237,  0.2262,  0.4407,  0.6471,  0.2870,  0.3619,  0.4614,
          0.2368,  0.6474],
        [ 0.0964, -0.3952,  0.0658,  0.0265,  0.0359,  0.0877, -0.2481, -0.3384,
         -0.4286,  0.1274],
        [-0.3702,  0.1800, -0.1262, -0.3746, -0.2422, -0.2800,  0.0703, -0.0705,
         -0.1921, -0.1947],
        [ 0.2358,  0.5149,  0.4764,  0.5103,  0.1085,  0.5118,  0.6025,  0.1355,
          0.3971,  0.2873],
        [ 0.2669,  0.2034,  0.4157,  0.1109,  0.1900,  0.4896,  0.1063,  0.3435,
          0.1103,  0.2532],
        [ 0.5105,  0.0303,  0.0736, -0.0663,  0.5320,  0.5047,  0.5382,  0.0536,
          0.3712,  0.2606],
        [-0.1083, -0.1081, -0.1775, -0.2105,  0.1409,  0.1157, -0.3565, -0.1719,
         -0.2748, -0.1918],
        [ 0.0826,  0.4778,  0.2712,  0.3840,  0.2498,  0.1241,  0.3351,  0.2329,
          0.4468,  0.4491],
        [ 0.3105,  0.5242,  0.6197,  0.5179,  0.2298,  0.1378,  0.1943,  0.6371,
          0.4427,  0.1980]], device='cuda:0', dtype=torch.float64)
Best layer 2 validation model parameters: tensor([[ 0.4857,  0.3447,  0.0719, -0.0200,  0.4518,  0.5766,  0.4156, -0.1556,
          0.3054,  0.4263]], device='cuda:0', dtype=torch.float64)
Test loss of best training model is 0.007782576639547261
