Best training loss for hp = 10 is 0.0007094965444359826
Parameters of the best model are:  tensor([[0.9996, 1.0005, 0.9989, 1.0003, 0.9981, 0.9975, 0.9998, 1.0009, 1.0001,
         1.0010]], device='cuda:0', dtype=torch.float64)
Validation evaluation loss on best model for hp = 10 is 0.0016321067665960333
Best training loss for hp = 1 is 0.000502335994800919
Parameters of the best model are:  tensor([[1.0010, 1.0003, 1.0015, 1.0014, 1.0021, 1.0020, 1.0012, 1.0006, 1.0001,
         0.9998]], device='cuda:0', dtype=torch.float64)
Validation evaluation loss on best model for hp = 1 is 0.00491975625843079
Best training loss for hp = 0.01 is 0.00021168749455069495
Parameters of the best model are:  tensor([[1.0011, 1.0012, 1.0009, 1.0008, 1.0007, 1.0007, 1.0009, 1.0011, 1.0015,
         1.0014]], device='cuda:0', dtype=torch.float64)
Validation evaluation loss on best model for hp = 0.01 is 0.005110409381277633
Best training loss for hp = 0.001 is 0.0005336956286812539
Parameters of the best model are:  tensor([[1.0000, 1.0008, 0.9995, 1.0005, 0.9989, 0.9984, 1.0003, 1.0010, 1.0005,
         1.0011]], device='cuda:0', dtype=torch.float64)
Validation evaluation loss on best model for hp = 0.001 is 0.0007927222592815231
Best training loss for hp = 0.0001 is 0.0001445667971887949
Parameters of the best model are:  tensor([[1.0017, 1.0015, 1.0012, 1.0016, 1.0015, 1.0015, 1.0014, 1.0018, 1.0018,
         1.0017]], device='cuda:0', dtype=torch.float64)
Validation evaluation loss on best model for hp = 0.0001 is 0.007855214280792314
Best validation model parameters: tensor([[1.0000, 1.0008, 0.9995, 1.0005, 0.9989, 0.9984, 1.0003, 1.0010, 1.0005,
         1.0011]], device='cuda:0', dtype=torch.float64)
Best hyperparameter is: 0.001
Test loss of best validation model is 0.0007490395555920968
