Best training loss for hp = 100 is 19281.09375
Layer 1 parameters of the best model are:  tensor([[ 0.0499,  0.3069, -0.1012,  0.0014, -0.3109, -0.2285, -0.1633, -0.0774,
         -0.1675,  0.0314],
        [ 0.3154,  0.2765,  0.0212, -0.1260, -0.2077,  0.0391,  0.0353,  0.1387,
         -0.0472, -0.0135],
        [ 0.1981,  0.1899,  0.0044,  0.2640,  0.0007, -0.0697, -0.2967, -0.3140,
          0.2806, -0.2554],
        [ 0.1908,  0.0391,  0.2464, -0.1629, -0.3100,  0.2991, -0.2866,  0.2703,
         -0.1584,  0.2328],
        [-0.0466, -0.0190,  0.1707,  0.1608, -0.1717,  0.2835,  0.2898, -0.2361,
          0.1460, -0.0713],
        [-0.1569,  0.0243, -0.0207, -0.2948,  0.2624,  0.2495, -0.0730, -0.1086,
         -0.0301,  0.1186],
        [-0.2743, -0.1385, -0.1274,  0.1447,  0.1979, -0.0331, -0.2501, -0.1485,
         -0.0810,  0.1909],
        [-0.0974, -0.0644,  0.1118,  0.2034, -0.2022,  0.1006, -0.1696, -0.1960,
         -0.0306, -0.1146],
        [ 0.1476, -0.1316,  0.2694,  0.2263,  0.0478, -0.2118, -0.0768, -0.2603,
          0.2796,  0.0928],
        [ 0.2641,  0.0867, -0.1571,  0.2760, -0.1182, -0.2843, -0.0445, -0.2318,
         -0.1502, -0.1083]], device='cuda:0')
Validation evaluation accuracy on best model for hp = 100 is 0.1127
Best training loss for hp = 10 is 1930.1805419921875
Layer 1 parameters of the best model are:  tensor([[ 0.0499,  0.3069, -0.1012,  0.0014, -0.3109, -0.2285, -0.1633, -0.0774,
         -0.1675,  0.0314],
        [ 0.3154,  0.2765,  0.0212, -0.1260, -0.2077,  0.0391,  0.0353,  0.1387,
         -0.0472, -0.0135],
        [ 0.1981,  0.1899,  0.0044,  0.2640,  0.0007, -0.0697, -0.2967, -0.3140,
          0.2806, -0.2554],
        [ 0.1908,  0.0391,  0.2464, -0.1629, -0.3100,  0.2991, -0.2866,  0.2703,
         -0.1584,  0.2328],
        [-0.0466, -0.0190,  0.1707,  0.1608, -0.1717,  0.2835,  0.2898, -0.2361,
          0.1460, -0.0713],
        [-0.1569,  0.0243, -0.0207, -0.2948,  0.2624,  0.2495, -0.0730, -0.1086,
         -0.0301,  0.1186],
        [-0.2743, -0.1385, -0.1274,  0.1447,  0.1979, -0.0331, -0.2501, -0.1485,
         -0.0810,  0.1909],
        [-0.0974, -0.0644,  0.1118,  0.2034, -0.2022,  0.1006, -0.1696, -0.1960,
         -0.0306, -0.1146],
        [ 0.1476, -0.1316,  0.2694,  0.2263,  0.0478, -0.2118, -0.0768, -0.2603,
          0.2796,  0.0928],
        [ 0.2641,  0.0867, -0.1571,  0.2760, -0.1182, -0.2843, -0.0445, -0.2318,
         -0.1502, -0.1083]], device='cuda:0')
Validation evaluation accuracy on best model for hp = 10 is 0.11195
Best training loss for hp = 1 is 195.08908081054688
Layer 1 parameters of the best model are:  tensor([[ 0.0499,  0.3069, -0.1012,  0.0014, -0.3109, -0.2285, -0.1633, -0.0774,
         -0.1675,  0.0314],
        [ 0.3154,  0.2765,  0.0212, -0.1260, -0.2077,  0.0391,  0.0353,  0.1387,
         -0.0472, -0.0135],
        [ 0.1981,  0.1899,  0.0044,  0.2640,  0.0007, -0.0697, -0.2967, -0.3140,
          0.2806, -0.2554],
        [ 0.1908,  0.0391,  0.2464, -0.1629, -0.3100,  0.2991, -0.2866,  0.2703,
         -0.1584,  0.2328],
        [-0.0466, -0.0190,  0.1707,  0.1608, -0.1717,  0.2835,  0.2898, -0.2361,
          0.1460, -0.0713],
        [-0.1569,  0.0243, -0.0207, -0.2948,  0.2624,  0.2495, -0.0730, -0.1086,
         -0.0301,  0.1186],
        [-0.2743, -0.1385, -0.1274,  0.1447,  0.1979, -0.0331, -0.2501, -0.1485,
         -0.0810,  0.1909],
        [-0.0974, -0.0644,  0.1118,  0.2034, -0.2022,  0.1006, -0.1696, -0.1960,
         -0.0306, -0.1146],
        [ 0.1476, -0.1316,  0.2694,  0.2263,  0.0478, -0.2118, -0.0768, -0.2603,
          0.2796,  0.0928],
        [ 0.2641,  0.0867, -0.1571,  0.2760, -0.1182, -0.2843, -0.0445, -0.2318,
         -0.1502, -0.1083]], device='cuda:0')
Validation evaluation accuracy on best model for hp = 1 is 0.11238333333333334
Best training loss for hp = 0 is 2.2713847160339355
Layer 1 parameters of the best model are:  tensor([[ 0.0499,  0.3069, -0.1012,  0.0014, -0.3109, -0.2285, -0.1633, -0.0774,
         -0.1675,  0.0314],
        [ 0.3154,  0.2765,  0.0212, -0.1260, -0.2077,  0.0391,  0.0353,  0.1387,
         -0.0472, -0.0135],
        [ 0.1981,  0.1899,  0.0044,  0.2640,  0.0007, -0.0697, -0.2967, -0.3140,
          0.2806, -0.2554],
        [ 0.1908,  0.0391,  0.2464, -0.1629, -0.3100,  0.2991, -0.2866,  0.2703,
         -0.1584,  0.2328],
        [-0.0466, -0.0190,  0.1707,  0.1608, -0.1717,  0.2835,  0.2898, -0.2361,
          0.1460, -0.0713],
        [-0.1569,  0.0243, -0.0207, -0.2948,  0.2624,  0.2495, -0.0730, -0.1086,
         -0.0301,  0.1186],
        [-0.2743, -0.1385, -0.1274,  0.1447,  0.1979, -0.0331, -0.2501, -0.1485,
         -0.0810,  0.1909],
        [-0.0974, -0.0644,  0.1118,  0.2034, -0.2022,  0.1006, -0.1696, -0.1960,
         -0.0306, -0.1146],
        [ 0.1476, -0.1316,  0.2694,  0.2263,  0.0478, -0.2118, -0.0768, -0.2603,
          0.2796,  0.0928],
        [ 0.2641,  0.0867, -0.1571,  0.2760, -0.1182, -0.2843, -0.0445, -0.2318,
         -0.1502, -0.1083]], device='cuda:0')
Validation evaluation accuracy on best model for hp = 0 is 0.16043333333333334
Best training loss for hp = 0.01 is 4.229020595550537
Layer 1 parameters of the best model are:  tensor([[ 0.0499,  0.3069, -0.1012,  0.0014, -0.3109, -0.2285, -0.1633, -0.0774,
         -0.1675,  0.0314],
        [ 0.3154,  0.2765,  0.0212, -0.1260, -0.2077,  0.0391,  0.0353,  0.1387,
         -0.0472, -0.0135],
        [ 0.1981,  0.1899,  0.0044,  0.2640,  0.0007, -0.0697, -0.2967, -0.3140,
          0.2806, -0.2554],
        [ 0.1908,  0.0391,  0.2464, -0.1629, -0.3100,  0.2991, -0.2866,  0.2703,
         -0.1584,  0.2328],
        [-0.0466, -0.0190,  0.1707,  0.1608, -0.1717,  0.2835,  0.2898, -0.2361,
          0.1460, -0.0713],
        [-0.1569,  0.0243, -0.0207, -0.2948,  0.2624,  0.2495, -0.0730, -0.1086,
         -0.0301,  0.1186],
        [-0.2743, -0.1385, -0.1274,  0.1447,  0.1979, -0.0331, -0.2501, -0.1485,
         -0.0810,  0.1909],
        [-0.0974, -0.0644,  0.1118,  0.2034, -0.2022,  0.1006, -0.1696, -0.1960,
         -0.0306, -0.1146],
        [ 0.1476, -0.1316,  0.2694,  0.2263,  0.0478, -0.2118, -0.0768, -0.2603,
          0.2796,  0.0928],
        [ 0.2641,  0.0867, -0.1571,  0.2760, -0.1182, -0.2843, -0.0445, -0.2318,
         -0.1502, -0.1083]], device='cuda:0')
Validation evaluation accuracy on best model for hp = 0.01 is 0.11263333333333334
Best training loss for hp = 0.001 is 2.493929147720337
Layer 1 parameters of the best model are:  tensor([[ 0.0499,  0.3069, -0.1012,  0.0014, -0.3109, -0.2285, -0.1633, -0.0774,
         -0.1675,  0.0314],
        [ 0.3154,  0.2765,  0.0212, -0.1260, -0.2077,  0.0391,  0.0353,  0.1387,
         -0.0472, -0.0135],
        [ 0.1981,  0.1899,  0.0044,  0.2640,  0.0007, -0.0697, -0.2967, -0.3140,
          0.2806, -0.2554],
        [ 0.1908,  0.0391,  0.2464, -0.1629, -0.3100,  0.2991, -0.2866,  0.2703,
         -0.1584,  0.2328],
        [-0.0466, -0.0190,  0.1707,  0.1608, -0.1717,  0.2835,  0.2898, -0.2361,
          0.1460, -0.0713],
        [-0.1569,  0.0243, -0.0207, -0.2948,  0.2624,  0.2495, -0.0730, -0.1086,
         -0.0301,  0.1186],
        [-0.2743, -0.1385, -0.1274,  0.1447,  0.1979, -0.0331, -0.2501, -0.1485,
         -0.0810,  0.1909],
        [-0.0974, -0.0644,  0.1118,  0.2034, -0.2022,  0.1006, -0.1696, -0.1960,
         -0.0306, -0.1146],
        [ 0.1476, -0.1316,  0.2694,  0.2263,  0.0478, -0.2118, -0.0768, -0.2603,
          0.2796,  0.0928],
        [ 0.2641,  0.0867, -0.1571,  0.2760, -0.1182, -0.2843, -0.0445, -0.2318,
         -0.1502, -0.1083]], device='cuda:0')
Validation evaluation accuracy on best model for hp = 0.001 is 0.11266666666666666
Best training loss for hp = 0.0001 is 2.3009493350982666
Layer 1 parameters of the best model are:  tensor([[ 0.0499,  0.3069, -0.1012,  0.0014, -0.3109, -0.2285, -0.1633, -0.0774,
         -0.1675,  0.0314],
        [ 0.3154,  0.2765,  0.0212, -0.1260, -0.2077,  0.0391,  0.0353,  0.1387,
         -0.0472, -0.0135],
        [ 0.1981,  0.1899,  0.0044,  0.2640,  0.0007, -0.0697, -0.2967, -0.3140,
          0.2806, -0.2554],
        [ 0.1908,  0.0391,  0.2464, -0.1629, -0.3100,  0.2991, -0.2866,  0.2703,
         -0.1584,  0.2328],
        [-0.0466, -0.0190,  0.1707,  0.1608, -0.1717,  0.2835,  0.2898, -0.2361,
          0.1460, -0.0713],
        [-0.1569,  0.0243, -0.0207, -0.2948,  0.2624,  0.2495, -0.0730, -0.1086,
         -0.0301,  0.1186],
        [-0.2743, -0.1385, -0.1274,  0.1447,  0.1979, -0.0331, -0.2501, -0.1485,
         -0.0810,  0.1909],
        [-0.0974, -0.0644,  0.1118,  0.2034, -0.2022,  0.1006, -0.1696, -0.1960,
         -0.0306, -0.1146],
        [ 0.1476, -0.1316,  0.2694,  0.2263,  0.0478, -0.2118, -0.0768, -0.2603,
          0.2796,  0.0928],
        [ 0.2641,  0.0867, -0.1571,  0.2760, -0.1182, -0.2843, -0.0445, -0.2318,
         -0.1502, -0.1083]], device='cuda:0')
Validation evaluation accuracy on best model for hp = 0.0001 is 0.15368333333333334
Best training loss for hp = 1e-05 is 2.275980234146118
Layer 1 parameters of the best model are:  tensor([[ 0.0499,  0.3069, -0.1012,  0.0014, -0.3109, -0.2285, -0.1633, -0.0774,
         -0.1675,  0.0314],
        [ 0.3154,  0.2765,  0.0212, -0.1260, -0.2077,  0.0391,  0.0353,  0.1387,
         -0.0472, -0.0135],
        [ 0.1981,  0.1899,  0.0044,  0.2640,  0.0007, -0.0697, -0.2967, -0.3140,
          0.2806, -0.2554],
        [ 0.1908,  0.0391,  0.2464, -0.1629, -0.3100,  0.2991, -0.2866,  0.2703,
         -0.1584,  0.2328],
        [-0.0466, -0.0190,  0.1707,  0.1608, -0.1717,  0.2835,  0.2898, -0.2361,
          0.1460, -0.0713],
        [-0.1569,  0.0243, -0.0207, -0.2948,  0.2624,  0.2495, -0.0730, -0.1086,
         -0.0301,  0.1186],
        [-0.2743, -0.1385, -0.1274,  0.1447,  0.1979, -0.0331, -0.2501, -0.1485,
         -0.0810,  0.1909],
        [-0.0974, -0.0644,  0.1118,  0.2034, -0.2022,  0.1006, -0.1696, -0.1960,
         -0.0306, -0.1146],
        [ 0.1476, -0.1316,  0.2694,  0.2263,  0.0478, -0.2118, -0.0768, -0.2603,
          0.2796,  0.0928],
        [ 0.2641,  0.0867, -0.1571,  0.2760, -0.1182, -0.2843, -0.0445, -0.2318,
         -0.1502, -0.1083]], device='cuda:0')
Validation evaluation accuracy on best model for hp = 1e-05 is 0.16046666666666667
Best layer 1 validation model parameters: tensor([[ 0.0499,  0.3069, -0.1012,  0.0014, -0.3109, -0.2285, -0.1633, -0.0774,
         -0.1675,  0.0314],
        [ 0.3154,  0.2765,  0.0212, -0.1260, -0.2077,  0.0391,  0.0353,  0.1387,
         -0.0472, -0.0135],
        [ 0.1981,  0.1899,  0.0044,  0.2640,  0.0007, -0.0697, -0.2967, -0.3140,
          0.2806, -0.2554],
        [ 0.1908,  0.0391,  0.2464, -0.1629, -0.3100,  0.2991, -0.2866,  0.2703,
         -0.1584,  0.2328],
        [-0.0466, -0.0190,  0.1707,  0.1608, -0.1717,  0.2835,  0.2898, -0.2361,
          0.1460, -0.0713],
        [-0.1569,  0.0243, -0.0207, -0.2948,  0.2624,  0.2495, -0.0730, -0.1086,
         -0.0301,  0.1186],
        [-0.2743, -0.1385, -0.1274,  0.1447,  0.1979, -0.0331, -0.2501, -0.1485,
         -0.0810,  0.1909],
        [-0.0974, -0.0644,  0.1118,  0.2034, -0.2022,  0.1006, -0.1696, -0.1960,
         -0.0306, -0.1146],
        [ 0.1476, -0.1316,  0.2694,  0.2263,  0.0478, -0.2118, -0.0768, -0.2603,
          0.2796,  0.0928],
        [ 0.2641,  0.0867, -0.1571,  0.2760, -0.1182, -0.2843, -0.0445, -0.2318,
         -0.1502, -0.1083]], device='cuda:0')
Best hyperparameter is: 1e-05
Test accuracy of best validation model is 0.1621
