Best training loss for hp = 100 is 6919.43212890625
Layer 1 parameters of the best model are:  tensor([[ 3.3767e-01, -2.2484e-03,  2.3568e-01,  2.9897e-01,  2.1257e-01,
          1.2682e-01,  2.8837e-01, -2.0390e-03,  1.2314e-01,  1.0920e-01],
        [-1.9264e-03,  2.9315e-01,  6.6104e-02,  9.4889e-02,  2.2429e-01,
          1.5369e-01,  3.1340e-02, -6.2803e-03,  1.4715e-01,  3.0198e-02],
        [-1.3503e-01, -1.6068e-01, -2.7970e-02, -1.5836e-01, -4.9438e-02,
         -1.8332e-01, -6.3722e-02, -2.4327e-03, -3.4847e-01, -1.2338e-01],
        [ 3.6222e-01,  4.2875e-02, -1.9959e-02,  1.5651e-01,  1.0515e-01,
          2.3283e-02,  1.7211e-01,  4.8977e-03,  9.1305e-02,  3.7231e-01],
        [ 6.0349e-02,  4.7688e-02, -1.7732e-03,  1.2221e-01, -3.6113e-03,
          2.2980e-01,  5.7278e-03,  3.8967e-02, -1.2878e-02,  6.0342e-03],
        [ 6.1175e-02,  5.4237e-02,  2.8015e-01,  2.2026e-01,  9.7605e-03,
          2.1619e-01,  6.9383e-02,  1.9704e-01, -1.6544e-02,  4.4868e-02],
        [-2.7771e-04,  2.0273e-01,  7.3319e-02,  3.9578e-02, -5.8785e-03,
          1.9182e-02,  6.5456e-02,  1.7680e-01,  2.3107e-01,  1.1716e-02],
        [-1.0586e-02,  1.3835e-02,  1.3168e-01, -9.8184e-03,  2.8375e-01,
          2.5139e-01,  1.4319e-02,  2.9328e-01,  2.2327e-01,  1.5089e-02],
        [ 1.6331e-01,  3.6000e-02,  1.1032e-01,  3.7395e-02,  8.7322e-02,
         -1.8575e-03,  8.5356e-02, -2.5912e-03, -1.9297e-03, -3.0590e-03],
        [ 1.5883e-02,  3.0269e-01,  1.1193e-01,  2.9479e-02,  7.5100e-02,
         -3.2545e-02,  2.5761e-01,  2.8875e-01,  2.0135e-01,  4.0283e-01]],
       device='cuda:0')
Validation accuracy on best model for hp = 100 is 1.0
Best training loss for hp = 10 is 932.8005981445312
Layer 1 parameters of the best model are:  tensor([[ 3.2200e-01,  9.2686e-03,  2.3446e-01,  2.8516e-01,  1.8385e-01,
          1.4296e-01,  2.4204e-01, -1.1624e-02,  1.9505e-01,  3.7376e-02],
        [-2.3945e-03,  1.7367e-01,  7.1130e-02,  6.7102e-02,  1.6289e-01,
          1.2299e-01,  3.8722e-02, -1.6301e-02,  1.7926e-01,  1.3304e-02],
        [ 3.9207e-01,  4.8525e-01,  1.6654e-01,  3.4261e-01,  2.5330e-01,
          2.9816e-01,  3.7021e-01,  3.3859e-01, -1.0560e-01,  3.8726e-01],
        [ 2.5270e-01,  5.2130e-03, -1.0007e-02,  9.7683e-02,  9.0420e-02,
          2.6159e-02,  1.0510e-01, -3.5289e-04,  1.9936e-01,  2.1102e-01],
        [-6.8125e-02, -1.9706e-01, -1.3568e-01, -2.6951e-02, -3.0089e-01,
          8.8372e-03, -1.7013e-01, -5.9521e-02, -1.7712e-01, -1.9484e-01],
        [ 2.3617e-02,  2.6061e-02,  2.7711e-01,  1.8817e-01, -5.7598e-03,
          2.2135e-01,  1.9543e-02,  1.6278e-01,  2.1296e-04, -4.5258e-03],
        [-2.6773e-01, -3.3574e-02, -6.8360e-02, -1.1310e-01, -2.9940e-01,
         -1.3012e-01, -1.0299e-01, -2.0869e-02,  6.9670e-03, -2.2548e-01],
        [-7.0202e-03,  2.6614e-03,  1.2686e-01, -7.1869e-03,  2.4452e-01,
          2.0685e-01,  2.1080e-02,  2.5768e-01,  2.5408e-01,  2.0274e-02],
        [-1.1882e-03, -1.4464e-01, -5.8963e-04, -9.4267e-02, -1.1131e-02,
         -1.9580e-01, -4.0083e-02, -2.2111e-01, -5.5879e-02, -3.1256e-01],
        [ 9.5002e-03,  2.8825e-01,  1.2395e-01,  1.7192e-02,  6.4806e-02,
         -2.9007e-02,  2.0298e-01,  2.5854e-01,  2.6729e-01,  3.2563e-01]],
       device='cuda:0')
Validation accuracy on best model for hp = 10 is 1.0
Best training loss for hp = 1 is 93.4020767211914
Layer 1 parameters of the best model are:  tensor([[ 4.3801e-01,  4.4380e-02,  2.7709e-01,  3.7562e-01,  2.6678e-01,
          2.0524e-01,  3.3658e-01, -1.1884e-03,  1.3774e-01,  1.4871e-01],
        [-1.9218e-03,  2.3139e-01,  7.8275e-02,  8.6574e-02,  2.1389e-01,
          1.7718e-01,  3.6463e-02, -1.4497e-03,  1.6014e-01,  1.5623e-02],
        [-1.4179e-01, -3.1689e-01, -1.8014e-02, -2.3284e-01, -3.1057e-02,
         -2.0033e-01, -6.1231e-02, -3.1235e-04, -3.3530e-01, -1.8231e-01],
        [ 3.9069e-01,  2.0974e-02, -8.6140e-03,  1.5665e-01,  1.2128e-01,
          3.4847e-02,  1.6256e-01,  5.8397e-03,  1.1453e-01,  3.3128e-01],
        [-4.0129e-02, -1.6257e-01, -1.4209e-01, -2.7274e-02, -2.6549e-01,
         -1.0938e-03, -1.5105e-01, -8.2588e-02, -2.2455e-01, -1.5703e-01],
        [ 1.3157e-01,  6.4695e-02,  3.1974e-01,  2.7894e-01,  1.1039e-02,
          2.8371e-01,  8.1273e-02,  2.2234e-01, -2.6196e-02,  4.7940e-02],
        [-7.3084e-04,  2.9266e-01,  4.8697e-02,  6.9884e-02, -9.3006e-03,
          4.5837e-02,  6.6089e-02,  1.5516e-01,  1.7699e-01,  8.0065e-03],
        [-1.4067e-03,  6.4649e-03,  1.5005e-01, -8.5161e-03,  3.0273e-01,
          2.8660e-01,  2.0772e-02,  2.9756e-01,  2.1914e-01,  6.5069e-03],
        [-1.0042e-03, -1.0879e-01, -2.3645e-02, -7.9671e-02, -2.2607e-02,
         -1.4554e-01, -4.8168e-02, -2.2439e-01, -1.3012e-01, -2.2255e-01],
        [ 3.7212e-02,  3.3687e-01,  1.2775e-01,  3.4172e-02,  8.6401e-02,
         -4.0237e-02,  2.9467e-01,  3.1781e-01,  2.1075e-01,  4.3735e-01]],
       device='cuda:0')
Validation accuracy on best model for hp = 1 is 1.0
Best training loss for hp = 0 is 0.0014629907673224807
Layer 1 parameters of the best model are:  tensor([[ 3.7294e-01,  6.0463e-02,  2.6857e-01,  3.6031e-01,  2.4287e-01,
          2.0773e-01,  3.1611e-01,  8.4553e-03,  1.4885e-01,  1.4632e-01],
        [-1.6535e-02,  2.4626e-01,  7.8818e-02,  9.6019e-02,  2.2825e-01,
          1.8802e-01,  3.2232e-02, -1.3191e-02,  1.5936e-01,  1.7017e-02],
        [-1.5431e-01, -2.7444e-01, -3.1585e-02, -2.0017e-01, -3.3833e-02,
         -1.9099e-01, -5.9746e-02, -1.1837e-03, -3.9349e-01, -1.4429e-01],
        [ 3.3139e-01,  2.6967e-02, -3.3776e-02,  1.4931e-01,  1.0212e-01,
          3.4294e-02,  1.5168e-01,  2.1620e-03,  1.2533e-01,  3.2218e-01],
        [-4.8925e-02, -8.3993e-02, -1.2165e-01, -3.3100e-02, -2.6482e-01,
         -1.6908e-03, -9.3592e-02, -6.0045e-02, -2.2656e-01, -8.5826e-02],
        [ 6.6306e-02,  7.6455e-02,  3.1144e-01,  2.6473e-01,  2.1481e-03,
          2.8718e-01,  6.7331e-02,  2.4079e-01, -3.8803e-02,  4.7259e-02],
        [ 6.8426e-05,  1.2750e-01,  5.7586e-02,  2.7390e-02, -2.7667e-02,
          2.7702e-02,  3.9930e-02,  1.0328e-01,  1.6187e-01,  3.1174e-03],
        [-1.5570e-02,  2.5619e-02,  1.3796e-01, -8.5476e-03,  2.9581e-01,
          3.0149e-01,  2.4248e-02,  3.1882e-01,  2.2127e-01,  2.7204e-02],
        [ 2.5330e-01,  8.4105e-02,  5.4393e-02,  8.7402e-02,  7.8223e-02,
          5.8057e-04,  9.4606e-02, -2.4928e-03, -2.7020e-04, -2.1006e-03],
        [ 6.6265e-03,  3.5372e-01,  1.2019e-01,  2.7450e-02,  8.3799e-02,
         -4.3330e-02,  2.7492e-01,  3.3590e-01,  2.2236e-01,  4.3524e-01]],
       device='cuda:0')
Validation accuracy on best model for hp = 0 is 1.0
Best training loss for hp = 0.01 is 0.8631832003593445
Layer 1 parameters of the best model are:  tensor([[ 4.0062e-01,  6.8511e-02,  2.8682e-01,  3.3483e-01,  2.5193e-01,
          1.5491e-01,  3.3573e-01,  1.2039e-02,  1.7558e-01,  1.3761e-01],
        [-7.4763e-03,  2.8214e-01,  8.5101e-02,  7.8449e-02,  2.4058e-01,
          1.4534e-01,  3.3047e-02, -5.6581e-03,  1.8115e-01,  9.4247e-03],
        [-1.0510e-01, -8.7089e-02, -2.9423e-02, -1.3859e-01, -1.0792e-02,
         -1.8035e-01, -3.3729e-02, -1.6577e-03, -4.8239e-01, -9.7151e-02],
        [ 3.6680e-01,  3.0958e-02, -1.3230e-02,  1.3917e-01,  1.0266e-01,
          7.9306e-03,  1.7477e-01,  9.3816e-03,  1.4333e-01,  3.3507e-01],
        [ 1.0376e-01,  1.4378e-01, -1.4875e-03,  1.8147e-01, -2.3637e-03,
          2.3601e-01,  4.7197e-02,  6.4291e-02, -1.3916e-03,  3.3582e-02],
        [ 9.9325e-02,  8.3819e-02,  3.3010e-01,  2.4149e-01,  4.8122e-03,
          2.3582e-01,  8.5610e-02,  2.4552e-01, -6.8173e-03,  3.3331e-02],
        [-1.0133e-01, -4.7216e-03, -3.2034e-02, -4.8707e-02, -1.5231e-01,
         -6.8664e-02, -4.3419e-02, -3.4363e-03, -5.7760e-04, -9.9379e-02],
        [ 2.1393e-05,  2.6155e-02,  1.6387e-01, -1.3863e-02,  3.0291e-01,
          2.5682e-01,  2.5491e-02,  3.2818e-01,  2.5071e-01,  1.7936e-02],
        [-6.5671e-04, -1.0196e-01, -1.1047e-03, -8.6215e-02, -1.3211e-02,
         -1.8479e-01, -3.3255e-02, -2.2036e-01, -6.7402e-02, -2.7155e-01],
        [ 2.9189e-02,  3.6278e-01,  1.4065e-01,  3.0761e-02,  9.5198e-02,
         -4.6145e-02,  2.9598e-01,  3.3987e-01,  2.4998e-01,  4.2706e-01]],
       device='cuda:0')
Validation accuracy on best model for hp = 0.01 is 1.0
Best training loss for hp = 0.001 is 0.08385439217090607
Layer 1 parameters of the best model are:  tensor([[ 3.9132e-01,  3.7611e-02,  2.5527e-01,  3.4808e-01,  2.2290e-01,
          1.8382e-01,  2.9227e-01, -1.6287e-02,  1.6162e-01,  1.0247e-01],
        [-4.2325e-03,  2.5840e-01,  7.5865e-02,  9.6607e-02,  2.1771e-01,
          1.7914e-01,  2.9995e-02, -1.8424e-02,  1.7805e-01,  1.5253e-02],
        [ 1.4491e-01,  1.0243e-01,  1.0353e-01,  1.0215e-01,  1.3430e-01,
          8.6338e-02,  1.7558e-01,  1.6847e-01, -1.0599e-01,  1.4137e-01],
        [ 3.6037e-01,  2.6923e-02, -3.1933e-02,  1.5259e-01,  9.7314e-02,
          3.5513e-02,  1.4698e-01, -7.1378e-05,  1.3133e-01,  3.0396e-01],
        [-5.2560e-02, -1.7011e-01, -1.2276e-01, -2.3848e-02, -2.8935e-01,
          2.3438e-02, -1.4994e-01, -6.5832e-02, -1.8085e-01, -1.6117e-01],
        [ 9.0001e-02,  5.4625e-02,  2.9855e-01,  2.5464e-01, -3.2611e-03,
          2.6473e-01,  4.7305e-02,  1.9152e-01, -2.1513e-02,  2.2879e-02],
        [-2.4209e-03,  1.6426e-01,  2.7545e-02,  2.7106e-02, -3.2219e-02,
          2.6688e-02,  2.7837e-02,  9.7905e-02,  1.7406e-01, -2.5280e-03],
        [-3.1824e-03,  1.2250e-02,  1.4818e-01, -1.3948e-02,  2.8155e-01,
          2.7179e-01,  1.6066e-02,  2.8071e-01,  2.3588e-01,  1.3909e-02],
        [-1.0930e-03, -1.1395e-01, -1.3466e-02, -7.7325e-02, -2.5354e-02,
         -1.9383e-01, -4.6197e-02, -2.8391e-01, -7.7873e-02, -3.0137e-01],
        [ 1.1993e-02,  3.3190e-01,  1.1296e-01,  2.2165e-02,  7.1254e-02,
         -5.7841e-02,  2.5247e-01,  2.8593e-01,  2.3602e-01,  3.9192e-01]],
       device='cuda:0')
Validation accuracy on best model for hp = 0.001 is 1.0
Best training loss for hp = 0.0001 is 0.011713333427906036
Layer 1 parameters of the best model are:  tensor([[ 0.3686,  0.0799,  0.2804,  0.3616,  0.2352,  0.2232,  0.3154,  0.0442,
          0.1844,  0.1526],
        [-0.0170,  0.2302,  0.0788,  0.0848,  0.2073,  0.1816,  0.0321, -0.0159,
          0.1763,  0.0220],
        [-0.1663, -0.3319, -0.0123, -0.2466, -0.0465, -0.2074, -0.0665,  0.0343,
         -0.3373, -0.1982],
        [ 0.2994,  0.0222, -0.0329,  0.1380,  0.0976,  0.0328,  0.1381,  0.0049,
          0.1501,  0.2950],
        [-0.0583, -0.1197, -0.1461, -0.0323, -0.2919,  0.0103, -0.1392, -0.0623,
         -0.1943, -0.1200],
        [ 0.0573,  0.0851,  0.3223,  0.2611, -0.0181,  0.2986,  0.0605,  0.2734,
         -0.0209,  0.0400],
        [-0.2582, -0.0209, -0.0731, -0.1131, -0.3175, -0.1229, -0.0983, -0.0117,
          0.0131, -0.1763],
        [-0.0198,  0.0312,  0.1550, -0.0107,  0.2849,  0.3035,  0.0277,  0.3445,
          0.2527,  0.0375],
        [ 0.3112,  0.1824,  0.0715,  0.1482,  0.1222,  0.0114,  0.1554, -0.0132,
          0.0038,  0.0107],
        [ 0.0021,  0.3713,  0.1286,  0.0255,  0.0732, -0.0463,  0.2713,  0.3702,
          0.2562,  0.4405]], device='cuda:0')
Validation accuracy on best model for hp = 0.0001 is 1.0
Best training loss for hp = 1e-05 is 0.00310030160471797
Layer 1 parameters of the best model are:  tensor([[ 4.3787e-01,  4.6388e-02,  2.8514e-01,  3.7389e-01,  2.7234e-01,
          2.0198e-01,  3.4190e-01,  6.7132e-04,  1.4313e-01,  1.4898e-01],
        [-7.1471e-04,  2.3143e-01,  8.1063e-02,  9.1859e-02,  2.2723e-01,
          1.9492e-01,  3.8843e-02, -5.1845e-03,  1.5854e-01,  1.3419e-02],
        [-1.0852e-01, -2.5865e-01, -2.5478e-02, -1.8078e-01, -1.5742e-02,
         -1.9151e-01, -4.6214e-02, -1.1170e-03, -4.1625e-01, -1.3868e-01],
        [ 3.9487e-01,  2.3726e-02, -1.3948e-02,  1.6452e-01,  1.2709e-01,
          3.9029e-02,  1.7201e-01,  6.3739e-03,  1.1732e-01,  3.3535e-01],
        [-3.2802e-02, -3.1913e-02, -3.5316e-02, -3.1943e-02, -3.1429e-02,
         -1.1434e-03, -3.0927e-02, -3.3303e-02, -3.0787e-02, -2.9868e-02],
        [ 1.3278e-01,  6.5816e-02,  3.2796e-01,  2.7810e-01,  1.2434e-02,
          2.8113e-01,  8.8876e-02,  2.2436e-01, -3.2484e-02,  4.7730e-02],
        [-2.6460e-04,  2.8663e-01,  3.3830e-02,  6.5634e-02, -3.5141e-02,
          3.3350e-02,  3.4187e-02,  1.5083e-01,  1.7508e-01, -6.2057e-04],
        [-7.1198e-04,  7.3641e-03,  1.5007e-01, -7.3988e-03,  3.0150e-01,
          2.9734e-01,  2.4381e-02,  3.0413e-01,  2.2290e-01,  1.7885e-02],
        [-6.4442e-04, -1.2681e-01, -4.5669e-03, -7.6736e-02, -1.2744e-02,
         -1.8684e-01, -4.2744e-02, -2.4107e-01, -9.1439e-02, -2.8346e-01],
        [ 3.8058e-02,  3.3968e-01,  1.3650e-01,  3.4414e-02,  9.6896e-02,
         -4.7018e-02,  3.0065e-01,  3.1958e-01,  2.1650e-01,  4.3780e-01]],
       device='cuda:0')
Validation accuracy on best model for hp = 1e-05 is 1.0
Best layer 1 validation model parameters: tensor([[ 3.3767e-01, -2.2484e-03,  2.3568e-01,  2.9897e-01,  2.1257e-01,
          1.2682e-01,  2.8837e-01, -2.0390e-03,  1.2314e-01,  1.0920e-01],
        [-1.9264e-03,  2.9315e-01,  6.6104e-02,  9.4889e-02,  2.2429e-01,
          1.5369e-01,  3.1340e-02, -6.2803e-03,  1.4715e-01,  3.0198e-02],
        [-1.3503e-01, -1.6068e-01, -2.7970e-02, -1.5836e-01, -4.9438e-02,
         -1.8332e-01, -6.3722e-02, -2.4327e-03, -3.4847e-01, -1.2338e-01],
        [ 3.6222e-01,  4.2875e-02, -1.9959e-02,  1.5651e-01,  1.0515e-01,
          2.3283e-02,  1.7211e-01,  4.8977e-03,  9.1305e-02,  3.7231e-01],
        [ 6.0349e-02,  4.7688e-02, -1.7732e-03,  1.2221e-01, -3.6113e-03,
          2.2980e-01,  5.7278e-03,  3.8967e-02, -1.2878e-02,  6.0342e-03],
        [ 6.1175e-02,  5.4237e-02,  2.8015e-01,  2.2026e-01,  9.7605e-03,
          2.1619e-01,  6.9383e-02,  1.9704e-01, -1.6544e-02,  4.4868e-02],
        [-2.7771e-04,  2.0273e-01,  7.3319e-02,  3.9578e-02, -5.8785e-03,
          1.9182e-02,  6.5456e-02,  1.7680e-01,  2.3107e-01,  1.1716e-02],
        [-1.0586e-02,  1.3835e-02,  1.3168e-01, -9.8184e-03,  2.8375e-01,
          2.5139e-01,  1.4319e-02,  2.9328e-01,  2.2327e-01,  1.5089e-02],
        [ 1.6331e-01,  3.6000e-02,  1.1032e-01,  3.7395e-02,  8.7322e-02,
         -1.8575e-03,  8.5356e-02, -2.5912e-03, -1.9297e-03, -3.0590e-03],
        [ 1.5883e-02,  3.0269e-01,  1.1193e-01,  2.9479e-02,  7.5100e-02,
         -3.2545e-02,  2.5761e-01,  2.8875e-01,  2.0135e-01,  4.0283e-01]],
       device='cuda:0')
Best hyperparameter is: 100
Test accuracy of best validation model is 1.0
