Best training loss for hp = 100 is 8137.1015625
Layer 1 parameters of the best model are:  tensor([[-0.0644, -0.0715,  0.0688,  0.3295,  0.2194,  0.0681,  0.1688, -0.2092,
          0.1293,  0.3669],
        [ 0.2345,  0.3304,  0.3970,  0.2413, -0.0060,  0.1026, -0.0525,  0.1195,
          0.1620, -0.0720],
        [-0.2014,  0.2915,  0.3377, -0.0202, -0.1985,  0.0791,  0.0049, -0.1438,
          0.0450,  0.1609],
        [ 0.2163, -0.0378,  0.2673,  0.3135, -0.0083,  0.2787,  0.3089,  0.0704,
          0.2069, -0.0202],
        [-0.0105,  0.3966,  0.1204,  0.0224,  0.0798,  0.1063,  0.1688, -0.0989,
         -0.0252, -0.0735],
        [-0.1651, -0.1762,  0.0759,  0.2899, -0.1252,  0.0088,  0.2619,  0.1856,
          0.0568,  0.1760],
        [ 0.0594, -0.0730,  0.2740,  0.1756,  0.3843,  0.2384,  0.2606, -0.1395,
         -0.0772,  0.1389],
        [-0.1811, -0.0860, -0.1330,  0.2904, -0.0338,  0.4024,  0.1126, -0.0049,
         -0.1610,  0.1011],
        [ 0.2927,  0.0336,  0.0581,  0.1149,  0.2355,  0.1848,  0.3225, -0.1336,
         -0.1698,  0.3075],
        [ 0.0903,  0.3284,  0.1368,  0.0727,  0.0490,  0.1151,  0.0870, -0.1622,
          0.0939,  0.3505]], device='cuda:0')
Validation evaluation loss on best model for hp = 100 is 0.858917772769928
Best training loss for hp = 10 is 752.4462890625
Layer 1 parameters of the best model are:  tensor([[ 2.1223e-02,  5.6669e-03,  4.0985e-02,  2.1659e-01,  1.7688e-01,
          5.5937e-02,  1.1706e-01, -2.2454e-02,  1.0984e-01,  2.5601e-01],
        [ 2.1485e-01,  2.6278e-01,  3.1017e-01,  1.6448e-01,  2.7609e-02,
          6.0167e-02,  3.3317e-03,  1.0543e-01,  1.3756e-01, -1.0390e-02],
        [ 3.2235e-02,  3.9642e-01,  2.6118e-01, -3.5291e-03, -3.1633e-03,
         -3.5649e-03, -1.3585e-03,  3.4537e-01,  3.6850e-01,  1.0196e-01],
        [ 1.9981e-01, -6.0054e-03,  1.7923e-01,  2.3478e-01,  1.5256e-02,
          2.0252e-01,  2.5392e-01,  5.6880e-02,  1.8367e-01, -2.2393e-04],
        [-1.0297e-01,  9.5087e-03, -5.8091e-02, -6.8032e-02, -6.1931e-02,
         -5.9355e-02, -3.4685e-02, -1.1776e-01, -8.8852e-02, -9.4109e-02],
        [-2.4345e-01, -2.4771e-01, -7.8062e-02, -6.0726e-04, -2.1867e-01,
         -1.2431e-01, -5.7545e-04, -1.0869e-02, -8.2451e-02, -3.9466e-02],
        [ 6.6277e-02, -3.5251e-04,  1.8116e-01,  9.5031e-02,  3.5497e-01,
          1.5639e-01,  1.9357e-01, -4.3759e-04,  6.9679e-03,  6.0256e-02],
        [ 1.2911e-01,  4.4459e-02, -6.5113e-02,  1.8936e-01,  2.0424e-01,
          3.5718e-01,  1.3206e-01,  5.4309e-01,  1.3843e-01,  8.7135e-02],
        [ 2.6651e-01,  2.9663e-02,  3.3498e-02,  6.9434e-02,  1.9215e-01,
          1.2072e-01,  2.6090e-01,  1.4289e-04, -1.2083e-02,  2.2416e-01],
        [ 6.5320e-02,  2.5726e-01,  4.9766e-02,  3.0073e-02,  2.8143e-02,
          4.6665e-02,  3.4216e-02, -3.5913e-02,  5.9475e-02,  2.7311e-01]],
       device='cuda:0')
Validation evaluation loss on best model for hp = 10 is 0.02946881391108036
Best training loss for hp = 1 is 84.3919906616211
Layer 1 parameters of the best model are:  tensor([[ 0.0078, -0.0008,  0.0382,  0.2451,  0.1939,  0.0568,  0.0958, -0.0014,
          0.1575,  0.3016],
        [ 0.2630,  0.3064,  0.3533,  0.1818,  0.0474,  0.1013, -0.0053,  0.2786,
          0.2371, -0.0132],
        [-0.3033, -0.0029,  0.0021, -0.1611, -0.3056, -0.0873, -0.1421, -0.2048,
         -0.0920, -0.0484],
        [ 0.2483, -0.0010,  0.2223,  0.2586,  0.0184,  0.2733,  0.2528,  0.2341,
          0.2895, -0.0010],
        [-0.0029,  0.4034,  0.0203, -0.0006,  0.0533,  0.0586,  0.0546,  0.0651,
          0.0391, -0.0019],
        [-0.0014, -0.0064,  0.0523,  0.1627,  0.0041,  0.0410,  0.1501,  0.3882,
          0.1107,  0.0860],
        [ 0.0677, -0.0244,  0.2157,  0.0941,  0.4007,  0.2160,  0.1888,  0.0215,
          0.0166,  0.0638],
        [-0.2837, -0.2019, -0.2553, -0.0211, -0.1637,  0.0184, -0.0913, -0.1155,
         -0.2534, -0.0935],
        [ 0.3130,  0.0142,  0.0202,  0.0499,  0.2390,  0.1572,  0.2555,  0.0115,
         -0.0124,  0.2516],
        [ 0.0980,  0.3006,  0.0733,  0.0013,  0.0374,  0.0880, -0.0011, -0.0048,
          0.1537,  0.3051]], device='cuda:0')
Validation evaluation loss on best model for hp = 1 is 0.032353755086660385
Best training loss for hp = 0 is 0.0034896957222372293
Layer 1 parameters of the best model are:  tensor([[ 3.0208e-04, -6.4529e-03,  3.1414e-02,  2.4686e-01,  2.0680e-01,
          5.4859e-02,  8.7236e-02,  2.2049e-03,  1.7164e-01,  3.1079e-01],
        [ 2.6804e-01,  3.3482e-01,  3.5755e-01,  1.8214e-01,  5.1024e-02,
          1.0955e-01, -3.7384e-02,  3.4180e-01,  2.6157e-01, -4.2621e-02],
        [-3.1379e-01, -1.1173e-03, -2.5071e-04, -1.9132e-01, -3.2610e-01,
         -1.0011e-01, -1.8341e-01, -1.3452e-01, -6.9197e-02, -5.0033e-02],
        [ 2.5336e-01, -4.4177e-03,  2.2655e-01,  2.5938e-01,  2.1377e-02,
          2.8592e-01,  2.5843e-01,  2.9723e-01,  3.1398e-01, -1.6537e-02],
        [-2.0495e-03,  3.8119e-01, -3.0045e-03, -2.5921e-03, -1.8431e-03,
         -1.2359e-03,  5.8274e-02, -2.2992e-03, -6.7568e-04, -2.0207e-03],
        [-5.4487e-03, -1.2263e-02,  6.7612e-02,  1.7095e-01,  9.7330e-03,
          4.6575e-02,  1.6367e-01,  2.4051e-01,  9.1549e-02,  9.4764e-02],
        [ 5.9925e-02, -5.3789e-02,  2.1984e-01,  9.6790e-02,  4.1097e-01,
          2.2837e-01,  1.9427e-01,  5.3023e-02,  7.1569e-03,  7.5370e-02],
        [-2.8775e-01, -2.0484e-01, -2.9890e-01, -3.6629e-02, -1.7107e-01,
          3.2405e-02, -1.1163e-01, -7.2789e-02, -2.4126e-01, -1.0722e-01],
        [ 3.1796e-01,  2.4953e-02,  1.8711e-02,  4.3454e-02,  2.4918e-01,
          1.6992e-01,  2.6101e-01,  4.7483e-02, -3.0152e-02,  2.6034e-01],
        [ 1.0273e-01,  3.2870e-01,  7.7557e-02, -1.4761e-03,  4.7393e-02,
          1.0021e-01,  9.0820e-03,  1.6856e-02,  1.7814e-01,  3.1392e-01]],
       device='cuda:0')
Validation evaluation loss on best model for hp = 0 is 0.022363927215337753
Best training loss for hp = 0.01 is 0.8839836716651917
Layer 1 parameters of the best model are:  tensor([[-2.2352e-03, -2.1359e-03,  2.8894e-02,  2.4432e-01,  2.0814e-01,
          5.3663e-02,  7.8718e-02, -1.8302e-03,  1.7078e-01,  3.0329e-01],
        [ 2.6468e-01,  3.2471e-01,  3.5368e-01,  1.7695e-01,  5.4032e-02,
          1.0955e-01, -1.4337e-02,  3.3528e-01,  2.5327e-01, -2.2052e-02],
        [-2.9513e-01, -1.5704e-03, -2.1137e-02, -2.5154e-01, -3.2286e-01,
         -1.3025e-01, -2.4850e-01, -5.0700e-02, -4.7663e-02, -7.6870e-02],
        [ 2.4950e-01, -1.3788e-03,  2.2287e-01,  2.5287e-01,  1.0655e-02,
          2.8209e-01,  2.4857e-01,  2.9016e-01,  3.0488e-01, -1.4209e-02],
        [ 5.1449e-04,  3.6995e-01,  8.4119e-04,  5.7831e-04,  4.3946e-04,
          2.2408e-03,  6.1506e-02,  6.0931e-03,  7.1770e-04,  3.5368e-04],
        [-1.7753e-03, -1.1128e-02,  7.2716e-02,  1.8236e-01,  6.6974e-03,
          4.6777e-02,  1.7318e-01,  2.4813e-01,  8.9751e-02,  9.9249e-02],
        [ 5.9417e-02, -3.3651e-02,  2.1775e-01,  9.2564e-02,  4.0898e-01,
          2.2668e-01,  1.8627e-01,  5.0257e-02,  1.5120e-02,  6.7069e-02],
        [-2.7623e-01, -2.0901e-01, -3.6784e-01, -6.4378e-02, -1.7092e-01,
         -1.0792e-03, -1.6589e-01, -2.1788e-02, -2.0989e-01, -1.5056e-01],
        [ 3.1561e-01,  1.8621e-02,  1.6325e-02,  4.0792e-02,  2.4853e-01,
          1.6831e-01,  2.5264e-01,  4.6901e-02, -1.9862e-02,  2.5131e-01],
        [ 1.0182e-01,  3.1970e-01,  7.5462e-02, -2.2825e-03,  4.8837e-02,
          9.8765e-02,  2.0604e-03,  1.3244e-02,  1.7147e-01,  3.0384e-01]],
       device='cuda:0')
Validation evaluation loss on best model for hp = 0.01 is 0.05636558309197426
Best training loss for hp = 0.001 is 0.07656996697187424
Layer 1 parameters of the best model are:  tensor([[ 1.4566e-02, -1.2813e-02,  4.2427e-02,  2.4529e-01,  2.1002e-01,
          5.1348e-02,  1.2340e-01, -3.1027e-02,  1.5383e-01,  2.9952e-01],
        [ 2.6144e-01,  2.8679e-01,  3.3991e-01,  1.8698e-01,  4.6227e-02,
          7.3649e-02, -2.0225e-02,  2.2114e-01,  2.1111e-01, -4.5442e-02],
        [-3.4795e-03,  2.0402e-01,  1.3955e-01, -2.6886e-03, -2.3017e-03,
          2.2763e-02, -1.3120e-03,  2.5025e-01,  2.3107e-01,  1.0497e-01],
        [ 2.4703e-01, -3.5727e-02,  2.0881e-01,  2.6406e-01,  3.6997e-02,
          2.3398e-01,  2.8167e-01,  1.7683e-01,  2.6404e-01, -1.4356e-02],
        [-8.9948e-05,  3.1266e-01, -2.9599e-05, -2.4239e-05, -7.6015e-04,
         -2.8873e-03,  5.2382e-02, -6.4214e-05, -1.8389e-04,  1.6584e-03],
        [-2.3509e-01, -2.5553e-01, -7.7956e-02, -1.7920e-03, -2.0491e-01,
         -1.3630e-01,  1.0555e-03, -3.5071e-03, -7.1676e-02, -4.2165e-02],
        [ 7.5433e-02, -5.3935e-02,  2.0060e-01,  1.0702e-01,  4.0692e-01,
          1.7706e-01,  2.1609e-01, -4.1538e-04,  7.8723e-03,  8.1541e-02],
        [-1.3517e-03, -5.5750e-03, -1.6780e-02,  1.1873e-01,  1.4347e-02,
          2.6446e-01,  1.2713e-02,  4.1932e-01,  3.9599e-02,  1.1533e-02],
        [ 3.1081e-01,  1.8972e-02,  2.5694e-02,  6.4154e-02,  2.4316e-01,
          1.2183e-01,  2.8364e-01,  8.2671e-03, -3.3665e-02,  2.5405e-01],
        [ 9.4081e-02,  2.8026e-01,  5.8649e-02,  1.5427e-02,  4.3699e-02,
          5.2959e-02,  4.8120e-02, -4.5659e-02,  1.2576e-01,  3.0826e-01]],
       device='cuda:0')
Validation evaluation loss on best model for hp = 0.001 is 0.009389939717948437
Best training loss for hp = 0.0001 is 0.010759067721664906
Layer 1 parameters of the best model are:  tensor([[ 2.7719e-03, -2.2352e-03,  3.6745e-02,  2.4598e-01,  2.0545e-01,
          6.2101e-02,  9.3148e-02, -1.2950e-03,  1.6701e-01,  3.0784e-01],
        [ 2.6740e-01,  3.2999e-01,  3.5860e-01,  1.8282e-01,  5.5725e-02,
          1.0945e-01, -2.2642e-02,  3.0651e-01,  2.5425e-01, -3.0300e-02],
        [-3.0594e-01, -2.3531e-03,  2.7400e-03, -1.6253e-01, -3.0861e-01,
         -8.6428e-02, -1.4807e-01, -1.9715e-01, -8.9179e-02, -4.7500e-02],
        [ 2.5272e-01,  2.4350e-04,  2.2759e-01,  2.5953e-01,  2.2687e-02,
          2.8464e-01,  2.5688e-01,  2.6195e-01,  3.0677e-01, -9.4019e-03],
        [-5.6482e-04,  3.6659e-01, -6.0037e-04, -4.6741e-04, -8.8847e-04,
         -6.4669e-04,  5.4316e-02, -4.9488e-04, -6.7383e-04, -1.1277e-03],
        [-2.3009e-04, -9.9196e-03,  5.8866e-02,  1.7144e-01,  8.2025e-03,
          5.0180e-02,  1.6230e-01,  3.7903e-01,  1.0984e-01,  9.1472e-02],
        [ 5.9593e-02, -3.1785e-02,  2.2077e-01,  9.6726e-02,  4.1190e-01,
          2.2712e-01,  1.9263e-01,  3.0881e-02,  1.5412e-02,  7.2502e-02],
        [-2.8695e-01, -2.0373e-01, -2.6137e-01, -1.9063e-02, -1.6792e-01,
          4.7483e-02, -9.6899e-02, -1.1031e-01, -2.5336e-01, -9.9057e-02],
        [ 3.1722e-01,  2.3758e-02,  2.1088e-02,  4.6081e-02,  2.5003e-01,
          1.6860e-01,  2.5935e-01,  2.5335e-02, -2.2410e-02,  2.5746e-01],
        [ 1.0199e-01,  3.2394e-01,  7.8453e-02, -1.3160e-03,  4.8091e-02,
          9.9141e-02,  6.7984e-03, -1.1652e-03,  1.7071e-01,  3.1114e-01]],
       device='cuda:0')
Validation evaluation loss on best model for hp = 0.0001 is 0.005592759232968092
Best training loss for hp = 1e-05 is 0.0031674490310251713
Layer 1 parameters of the best model are:  tensor([[-0.0089, -0.0205,  0.0362,  0.2715,  0.2054,  0.0563,  0.1118,  0.0134,
          0.1900,  0.3342],
        [ 0.2715,  0.3469,  0.3703,  0.2114,  0.0421,  0.1087, -0.0322,  0.3850,
          0.2857, -0.0419],
        [-0.3144,  0.0061, -0.0036, -0.1866, -0.3268, -0.1030, -0.1798, -0.1088,
         -0.0631, -0.0461],
        [ 0.2573, -0.0063,  0.2391,  0.2892,  0.0166,  0.2937,  0.2902,  0.3408,
          0.3391, -0.0107],
        [-0.0124,  0.3765,  0.0152,  0.0235,  0.0185,  0.0257,  0.0769,  0.0511,
          0.0154, -0.0091],
        [-0.1761, -0.1850, -0.0707, -0.0102, -0.1559, -0.0966, -0.0098,  0.0142,
         -0.0530, -0.0359],
        [ 0.0687, -0.0667,  0.2303,  0.1233,  0.4154,  0.2338,  0.2238,  0.0745,
          0.0087,  0.0990],
        [-0.2846, -0.1994, -0.3126, -0.0333, -0.1732,  0.0521, -0.1276, -0.0577,
         -0.2282, -0.1173],
        [ 0.3201,  0.0283,  0.0174,  0.0628,  0.2520,  0.1747,  0.2911,  0.0800,
         -0.0404,  0.2858],
        [ 0.1025,  0.3392,  0.0875,  0.0150,  0.0467,  0.1046,  0.0362,  0.0526,
          0.1994,  0.3403]], device='cuda:0')
Validation evaluation loss on best model for hp = 1e-05 is 0.012742053717374802
Best layer 1 validation model parameters: tensor([[ 2.7719e-03, -2.2352e-03,  3.6745e-02,  2.4598e-01,  2.0545e-01,
          6.2101e-02,  9.3148e-02, -1.2950e-03,  1.6701e-01,  3.0784e-01],
        [ 2.6740e-01,  3.2999e-01,  3.5860e-01,  1.8282e-01,  5.5725e-02,
          1.0945e-01, -2.2642e-02,  3.0651e-01,  2.5425e-01, -3.0300e-02],
        [-3.0594e-01, -2.3531e-03,  2.7400e-03, -1.6253e-01, -3.0861e-01,
         -8.6428e-02, -1.4807e-01, -1.9715e-01, -8.9179e-02, -4.7500e-02],
        [ 2.5272e-01,  2.4350e-04,  2.2759e-01,  2.5953e-01,  2.2687e-02,
          2.8464e-01,  2.5688e-01,  2.6195e-01,  3.0677e-01, -9.4019e-03],
        [-5.6482e-04,  3.6659e-01, -6.0037e-04, -4.6741e-04, -8.8847e-04,
         -6.4669e-04,  5.4316e-02, -4.9488e-04, -6.7383e-04, -1.1277e-03],
        [-2.3009e-04, -9.9196e-03,  5.8866e-02,  1.7144e-01,  8.2025e-03,
          5.0180e-02,  1.6230e-01,  3.7903e-01,  1.0984e-01,  9.1472e-02],
        [ 5.9593e-02, -3.1785e-02,  2.2077e-01,  9.6726e-02,  4.1190e-01,
          2.2712e-01,  1.9263e-01,  3.0881e-02,  1.5412e-02,  7.2502e-02],
        [-2.8695e-01, -2.0373e-01, -2.6137e-01, -1.9063e-02, -1.6792e-01,
          4.7483e-02, -9.6899e-02, -1.1031e-01, -2.5336e-01, -9.9057e-02],
        [ 3.1722e-01,  2.3758e-02,  2.1088e-02,  4.6081e-02,  2.5003e-01,
          1.6860e-01,  2.5935e-01,  2.5335e-02, -2.2410e-02,  2.5746e-01],
        [ 1.0199e-01,  3.2394e-01,  7.8453e-02, -1.3160e-03,  4.8091e-02,
          9.9141e-02,  6.7984e-03, -1.1652e-03,  1.7071e-01,  3.1114e-01]],
       device='cuda:0')
Best hyperparameter is: 0.0001
Test loss of best validation model is 0.005581771023571491
