2022-03-01 21:48:08,025 Training data loaded: X shape: torch.Size([2000, 10]), y shape: torch.Size([2000])
2022-03-01 21:48:08,025 Test data loaded: X shape: torch.Size([250, 10]), y shape: torch.Size([250])
2022-03-01 21:48:08,026 Validation data loaded: X shape: torch.Size([500, 10]), y shape: torch.Size([500])
2022-03-01 21:48:08,034 [EPOCH]: 0, [TRAINING_LOSS]: 1.730531
2022-03-01 21:48:08,270 [EPOCH]: 50, [TRAINING_LOSS]: 0.407218
2022-03-01 21:48:08,499 [EPOCH]: 100, [TRAINING_LOSS]: 0.288409
2022-03-01 21:48:08,733 [EPOCH]: 150, [TRAINING_LOSS]: 0.129050
2022-03-01 21:48:08,966 [EPOCH]: 200, [TRAINING_LOSS]: 0.077099
2022-03-01 21:48:09,183 [EPOCH]: 250, [TRAINING_LOSS]: 0.050354
2022-03-01 21:48:09,389 [EPOCH]: 300, [TRAINING_LOSS]: 0.040748
2022-03-01 21:48:09,591 [EPOCH]: 350, [TRAINING_LOSS]: 0.015802
2022-03-01 21:48:09,790 [EPOCH]: 400, [TRAINING_LOSS]: 0.011633
2022-03-01 21:48:09,986 [EPOCH]: 450, [TRAINING_LOSS]: 0.021621
2022-03-01 21:48:10,177 [EPOCH]: 500, [TRAINING_LOSS]: 0.014324
2022-03-01 21:48:10,372 [EPOCH]: 550, [TRAINING_LOSS]: 0.007751
2022-03-01 21:48:10,559 [EPOCH]: 600, [TRAINING_LOSS]: 0.009549
2022-03-01 21:48:10,769 [EPOCH]: 650, [TRAINING_LOSS]: 0.013068
2022-03-01 21:48:10,986 [EPOCH]: 700, [TRAINING_LOSS]: 0.008129
2022-03-01 21:48:11,203 [EPOCH]: 750, [TRAINING_LOSS]: 0.005770
2022-03-01 21:48:11,408 [EPOCH]: 800, [TRAINING_LOSS]: 0.014811
2022-03-01 21:48:11,599 [EPOCH]: 850, [TRAINING_LOSS]: 0.003948
2022-03-01 21:48:11,790 [EPOCH]: 900, [TRAINING_LOSS]: 0.007100
2022-03-01 21:48:11,982 [EPOCH]: 950, [TRAINING_LOSS]: 0.011877
2022-03-01 21:48:12,176 
[TEST_LOSS]: 0.083624
