[EPOCH]: 0, [LOSS]: 26.182594
Model parameters are:  tensor([[-0.2657,  0.0190, -0.0718,  0.2604,  0.0144, -0.2988,  0.1356, -0.0373,
         -0.1585, -0.1553]], device='cuda:0')
[EPOCH]: 50, [LOSS]: 8.228314
Model parameters are:  tensor([[0.2365, 0.5274, 0.4355, 0.7617, 0.5179, 0.2064, 0.6422, 0.4719, 0.3460,
         0.3470]], device='cuda:0')
[EPOCH]: 100, [LOSS]: 1.230013
Model parameters are:  tensor([[0.5825, 0.8665, 0.7751, 1.0946, 0.8569, 0.5513, 0.9780, 0.8127, 0.6890,
         0.6899]], device='cuda:0')
[EPOCH]: 150, [LOSS]: 0.110753
Model parameters are:  tensor([[0.7411, 1.0173, 0.9267, 1.2395, 1.0078, 0.7088, 1.1252, 0.9650, 0.8443,
         0.8455]], device='cuda:0')
[EPOCH]: 200, [LOSS]: 0.019854
Model parameters are:  tensor([[0.7956, 1.0623, 0.9729, 1.2781, 1.0532, 0.7622, 1.1663, 1.0117, 0.8947,
         0.8966]], device='cuda:0')
[EPOCH]: 250, [LOSS]: 0.015527
Model parameters are:  tensor([[0.8131, 1.0693, 0.9813, 1.2780, 1.0606, 0.7785, 1.1688, 1.0206, 0.9078,
         0.9105]], device='cuda:0')
[EPOCH]: 300, [LOSS]: 0.014267
Model parameters are:  tensor([[0.8229, 1.0676, 0.9813, 1.2687, 1.0594, 0.7871, 1.1624, 1.0210, 0.9127,
         0.9162]], device='cuda:0')
[EPOCH]: 350, [LOSS]: 0.013033
Model parameters are:  tensor([[0.8321, 1.0647, 0.9803, 1.2578, 1.0571, 0.7951, 1.1546, 1.0203, 0.9168,
         0.9210]], device='cuda:0')
[EPOCH]: 400, [LOSS]: 0.011814
Model parameters are:  tensor([[0.8415, 1.0616, 0.9793, 1.2463, 1.0546, 0.8035, 1.1465, 1.0195, 0.9210,
         0.9258]], device='cuda:0')
[EPOCH]: 450, [LOSS]: 0.010628
Model parameters are:  tensor([[0.8511, 1.0584, 0.9785, 1.2346, 1.0520, 0.8121, 1.1383, 1.0187, 0.9253,
         0.9307]], device='cuda:0')
[EPOCH]: 500, [LOSS]: 0.009493
Model parameters are:  tensor([[0.8608, 1.0552, 0.9777, 1.2226, 1.0493, 0.8209, 1.1300, 1.0178, 0.9297,
         0.9355]], device='cuda:0')
[EPOCH]: 550, [LOSS]: 0.008419
Model parameters are:  tensor([[0.8704, 1.0519, 0.9771, 1.2105, 1.0467, 0.8299, 1.1217, 1.0170, 0.9341,
         0.9401]], device='cuda:0')
[EPOCH]: 600, [LOSS]: 0.007414
Model parameters are:  tensor([[0.8800, 1.0486, 0.9767, 1.1984, 1.0440, 0.8389, 1.1136, 1.0162, 0.9385,
         0.9447]], device='cuda:0')
[EPOCH]: 650, [LOSS]: 0.006485
Model parameters are:  tensor([[0.8893, 1.0453, 0.9764, 1.1864, 1.0413, 0.8480, 1.1056, 1.0154, 0.9429,
         0.9490]], device='cuda:0')
[EPOCH]: 700, [LOSS]: 0.005634
Model parameters are:  tensor([[0.8984, 1.0421, 0.9763, 1.1746, 1.0386, 0.8569, 1.0978, 1.0145, 0.9471,
         0.9532]], device='cuda:0')
[EPOCH]: 750, [LOSS]: 0.004861
Model parameters are:  tensor([[0.9072, 1.0389, 0.9763, 1.1629, 1.0360, 0.8658, 1.0902, 1.0137, 0.9513,
         0.9571]], device='cuda:0')
[EPOCH]: 800, [LOSS]: 0.004167
Model parameters are:  tensor([[0.9156, 1.0358, 0.9765, 1.1516, 1.0335, 0.8745, 1.0830, 1.0129, 0.9554,
         0.9608]], device='cuda:0')
[EPOCH]: 850, [LOSS]: 0.003548
Model parameters are:  tensor([[0.9236, 1.0327, 0.9768, 1.1405, 1.0310, 0.8830, 1.0760, 1.0121, 0.9593,
         0.9643]], device='cuda:0')
[EPOCH]: 900, [LOSS]: 0.003001
Model parameters are:  tensor([[0.9312, 1.0298, 0.9773, 1.1298, 1.0285, 0.8913, 1.0694, 1.0114, 0.9630,
         0.9675]], device='cuda:0')
[EPOCH]: 950, [LOSS]: 0.002521
Model parameters are:  tensor([[0.9384, 1.0271, 0.9779, 1.1196, 1.0262, 0.8993, 1.0631, 1.0106, 0.9665,
         0.9705]], device='cuda:0')
