/gypsum/scratch1/nikhilagarwa/anaconda3/envs/nikhil/lib/python3.9/site-packages/torch/nn/modules/loss.py:97: UserWarning: Using a target size (torch.Size([1999, 1])) that is different to the input size (torch.Size([])). This will likely lead to incorrect results due to broadcasting. Please ensure they have the same size.
  return F.l1_loss(input, target, reduction=self.reduction)
/gypsum/scratch1/nikhilagarwa/anaconda3/envs/nikhil/lib/python3.9/site-packages/torch/nn/modules/loss.py:97: UserWarning: Using a target size (torch.Size([499, 1])) that is different to the input size (torch.Size([])). This will likely lead to incorrect results due to broadcasting. Please ensure they have the same size.
  return F.l1_loss(input, target, reduction=self.reduction)
/gypsum/scratch1/nikhilagarwa/anaconda3/envs/nikhil/lib/python3.9/site-packages/torch/nn/modules/loss.py:97: UserWarning: Using a target size (torch.Size([249, 1])) that is different to the input size (torch.Size([])). This will likely lead to incorrect results due to broadcasting. Please ensure they have the same size.
  return F.l1_loss(input, target, reduction=self.reduction)
Best training loss for hp = 100 is 9015.408328368847
Layer 1 parameters of the best model are:  tensor([[-0.0689, -0.1365,  0.1656, -0.3514, -0.2040, -0.3641, -0.1709, -0.0138,
         -0.2309, -0.2413],
        [-0.4107,  0.0713,  0.0232, -0.3546,  0.0907,  0.0940, -0.3255, -0.0586,
         -0.0536, -0.2923],
        [-0.1796, -0.2015, -0.0174, -0.4828,  0.1028,  0.0187, -0.2529, -0.2420,
          0.0920, -0.0544],
        [-0.3995, -0.2383,  0.1355,  0.1859, -0.2199, -0.2712, -0.1397, -0.1517,
         -0.3621, -0.4199],
        [-0.3554, -0.2687, -0.2359, -0.1814, -0.1479,  0.0063, -0.2309, -0.0839,
         -0.0245,  0.1823],
        [-0.3369, -0.2836, -0.1253, -0.0460, -0.0170, -0.2416,  0.0635,  0.0427,
         -0.2935, -0.2407],
        [-0.1442, -0.4391, -0.0078, -0.2411,  0.1193, -0.4056,  0.1536, -0.4484,
          0.0626, -0.0849],
        [ 0.0029, -0.0718, -0.1326, -0.0620, -0.3927, -0.1596, -0.2844, -0.2288,
          0.1058,  0.0710],
        [-0.2513,  0.0680,  0.0813, -0.1845, -0.1501, -0.2382, -0.2448, -0.1505,
          0.1410,  0.0643],
        [ 0.1007, -0.1508, -0.1773, -0.1068,  0.0072, -0.1300, -0.0192, -0.4094,
          0.0229, -0.3348]], device='cuda:0', dtype=torch.float64)
Validation evaluation loss on best model for hp = 100 is 4.8227658580124055
Best training loss for hp = 10 is 931.0626104431021
Layer 1 parameters of the best model are:  tensor([[-0.1031, -0.1782,  0.1272, -0.3895, -0.2549, -0.4077, -0.2148, -0.0585,
         -0.2753, -0.2649],
        [-0.4081,  0.0885,  0.0402, -0.3500,  0.1091,  0.1137, -0.3192, -0.0438,
         -0.0382, -0.2857],
        [-0.1746, -0.1975, -0.0079, -0.4894,  0.1171,  0.0314, -0.2500, -0.2391,
          0.1063, -0.0455],
        [-0.4275, -0.2716,  0.1069,  0.1585, -0.2468, -0.3037, -0.1723, -0.1765,
         -0.3913, -0.4511],
        [-0.3839, -0.3008, -0.2681, -0.2098, -0.1771, -0.0221, -0.2615, -0.1142,
         -0.0520,  0.1548],
        [-0.3688, -0.3198, -0.1556, -0.0790, -0.0468, -0.2756,  0.0336,  0.0122,
         -0.3317, -0.2736],
        [-0.1600, -0.4604, -0.0221, -0.2586,  0.1060, -0.4254,  0.1404, -0.4707,
          0.0501, -0.0989],
        [-0.0046, -0.0810, -0.1440, -0.0708, -0.4115, -0.1719, -0.3007, -0.2431,
          0.1004,  0.0645],
        [-0.2513,  0.0680,  0.0813, -0.1845, -0.1501, -0.2382, -0.2448, -0.1505,
          0.1410,  0.0643],
        [ 0.0858, -0.1701, -0.1975, -0.1260, -0.0094, -0.1499, -0.0363, -0.4357,
          0.0064, -0.3595]], device='cuda:0', dtype=torch.float64)
Validation evaluation loss on best model for hp = 10 is 4.7817195848873375
Best training loss for hp = 1 is 93.54830049634295
Layer 1 parameters of the best model are:  tensor([[-0.1046, -0.1787,  0.1263, -0.3905, -0.2551, -0.4081, -0.2152, -0.0589,
         -0.2757, -0.2693],
        [-0.4043,  0.0905,  0.0422, -0.3467,  0.1111,  0.1156, -0.3157, -0.0414,
         -0.0359, -0.2826],
        [-0.1716, -0.1940, -0.0050, -0.4852,  0.1196,  0.0338, -0.2469, -0.2355,
          0.1083, -0.0427],
        [-0.4228, -0.2717,  0.1108,  0.1619, -0.2483, -0.2966, -0.1664, -0.1707,
         -0.3869, -0.4509],
        [-0.3841, -0.2973, -0.2660, -0.2072, -0.1741, -0.0203, -0.2588, -0.1120,
         -0.0502,  0.1572],
        [-0.3677, -0.3144, -0.1561, -0.0760, -0.0451, -0.2743,  0.0354,  0.0139,
         -0.3307, -0.2718],
        [-0.1576, -0.4577, -0.0199, -0.2562,  0.1079, -0.4233,  0.1425, -0.4673,
          0.0518, -0.0974],
        [-0.0034, -0.0791, -0.1426, -0.0691, -0.4090, -0.1703, -0.2985, -0.2408,
          0.1017,  0.0662],
        [-0.2513,  0.0680,  0.0813, -0.1845, -0.1501, -0.2382, -0.2448, -0.1505,
          0.1410,  0.0643],
        [ 0.0872, -0.1679, -0.1958, -0.1245, -0.0072, -0.1479, -0.0344, -0.4331,
          0.0080, -0.3565]], device='cuda:0', dtype=torch.float64)
Validation evaluation loss on best model for hp = 1 is 4.772370797723213
Best training loss for hp = 0.01 is 3.3787875096671582
Layer 1 parameters of the best model are:  tensor([[-0.1086, -0.1824,  0.1225, -0.3942, -0.2586, -0.4117, -0.2188, -0.0625,
         -0.2792, -0.2742],
        [-0.4138,  0.0797,  0.0313, -0.3566,  0.0998,  0.1045, -0.3256, -0.0522,
         -0.0466, -0.2924],
        [-0.1806, -0.2033, -0.0146, -0.4934,  0.1093,  0.0238, -0.2558, -0.2446,
          0.0982, -0.0522],
        [-0.4223, -0.2732,  0.1095,  0.1604, -0.2505, -0.2967, -0.1701, -0.1737,
         -0.3868, -0.4525],
        [-0.3877, -0.3011, -0.2692, -0.2104, -0.1783, -0.0243, -0.2624, -0.1156,
         -0.0544,  0.1535],
        [-0.3726, -0.3190, -0.1607, -0.0807, -0.0503, -0.2788,  0.0301,  0.0088,
         -0.3349, -0.2764],
        [-0.1638, -0.4634, -0.0263, -0.2624,  0.1014, -0.4287,  0.1357, -0.4729,
          0.0451, -0.1042],
        [-0.0106, -0.0865, -0.1494, -0.0765, -0.4151, -0.1773, -0.3050, -0.2476,
          0.0940,  0.0584],
        [-0.2513,  0.0680,  0.0813, -0.1845, -0.1501, -0.2382, -0.2448, -0.1505,
          0.1410,  0.0643],
        [ 0.0813, -0.1733, -0.2011, -0.1302, -0.0132, -0.1530, -0.0397, -0.4371,
          0.0023, -0.3617]], device='cuda:0', dtype=torch.float64)
Validation evaluation loss on best model for hp = 0.01 is 4.808409365200666
Best training loss for hp = 0.001 is 3.2494960545783083
Layer 1 parameters of the best model are:  tensor([[-0.1100, -0.1837,  0.1212, -0.3955, -0.2598, -0.4130, -0.2200, -0.0637,
         -0.2805, -0.2760],
        [-0.4176,  0.0750,  0.0267, -0.3604,  0.0952,  0.0998, -0.3297, -0.0565,
         -0.0512, -0.2964],
        [-0.1849, -0.2074, -0.0189, -0.4967,  0.1047,  0.0193, -0.2597, -0.2487,
          0.0936, -0.0564],
        [-0.4250, -0.2755,  0.1067,  0.1576, -0.2526, -0.2990, -0.1724, -0.1763,
         -0.3900, -0.4551],
        [-0.3885, -0.3028, -0.2710, -0.2119, -0.1796, -0.0260, -0.2642, -0.1168,
         -0.0561,  0.1518],
        [-0.3744, -0.3206, -0.1623, -0.0824, -0.0522, -0.2804,  0.0283,  0.0070,
         -0.3363, -0.2781],
        [-0.1665, -0.4655, -0.0287, -0.2646,  0.0987, -0.4307,  0.1331, -0.4750,
          0.0424, -0.1065],
        [-0.0144, -0.0902, -0.1526, -0.0800, -0.4181, -0.1803, -0.3083, -0.2511,
          0.0902,  0.0548],
        [-0.2513,  0.0680,  0.0813, -0.1845, -0.1501, -0.2382, -0.2448, -0.1505,
          0.1410,  0.0643],
        [ 0.0786, -0.1756, -0.2036, -0.1327, -0.0160, -0.1555, -0.0424, -0.4394,
         -0.0005, -0.3639]], device='cuda:0', dtype=torch.float64)
Validation evaluation loss on best model for hp = 0.001 is 4.824606453458967
Best training loss for hp = 0.0001 is 3.436262177035646
Layer 1 parameters of the best model are:  tensor([[-0.1105, -0.1841,  0.1208, -0.3960, -0.2602, -0.4134, -0.2205, -0.0641,
         -0.2809, -0.2766],
        [-0.4194,  0.0731,  0.0247, -0.3622,  0.0932,  0.0977, -0.3315, -0.0585,
         -0.0531, -0.2981],
        [-0.1867, -0.2092, -0.0210, -0.4984,  0.1025,  0.0174, -0.2617, -0.2505,
          0.0916, -0.0584],
        [-0.4259, -0.2764,  0.1056,  0.1565, -0.2533, -0.2998, -0.1732, -0.1772,
         -0.3912, -0.4561],
        [-0.3893, -0.3034, -0.2717, -0.2126, -0.1803, -0.0267, -0.2649, -0.1176,
         -0.0569,  0.1510],
        [-0.3750, -0.3212, -0.1628, -0.0830, -0.0528, -0.2809,  0.0276,  0.0063,
         -0.3369, -0.2786],
        [-0.1675, -0.4662, -0.0300, -0.2657,  0.0976, -0.4315,  0.1320, -0.4760,
          0.0414, -0.1074],
        [-0.0158, -0.0915, -0.1539, -0.0814, -0.4194, -0.1816, -0.3095, -0.2522,
          0.0888,  0.0533],
        [-0.2513,  0.0680,  0.0813, -0.1845, -0.1501, -0.2382, -0.2448, -0.1505,
          0.1410,  0.0643],
        [ 0.0773, -0.1770, -0.2047, -0.1339, -0.0173, -0.1568, -0.0438, -0.4404,
         -0.0019, -0.3650]], device='cuda:0', dtype=torch.float64)
Validation evaluation loss on best model for hp = 0.0001 is 4.8319075124625
Best training loss for hp = 1e-05 is 3.5509381674230576
Layer 1 parameters of the best model are:  tensor([[-0.1107, -0.1843,  0.1206, -0.3962, -0.2604, -0.4136, -0.2206, -0.0643,
         -0.2811, -0.2769],
        [-0.4202,  0.0720,  0.0235, -0.3631,  0.0921,  0.0965, -0.3325, -0.0595,
         -0.0541, -0.2991],
        [-0.1875, -0.2101, -0.0219, -0.4991,  0.1017,  0.0165, -0.2624, -0.2513,
          0.0907, -0.0594],
        [-0.4263, -0.2767,  0.1053,  0.1561, -0.2536, -0.3002, -0.1735, -0.1775,
         -0.3916, -0.4565],
        [-0.3883, -0.3033, -0.2717, -0.2129, -0.1806, -0.0265, -0.2651, -0.1171,
         -0.0567,  0.1511],
        [-0.3752, -0.3214, -0.1630, -0.0832, -0.0531, -0.2812,  0.0274,  0.0061,
         -0.3370, -0.2789],
        [-0.1681, -0.4665, -0.0307, -0.2662,  0.0970, -0.4319,  0.1313, -0.4765,
          0.0408, -0.1079],
        [-0.0165, -0.0922, -0.1545, -0.0821, -0.4200, -0.1822, -0.3102, -0.2527,
          0.0881,  0.0525],
        [-0.2513,  0.0680,  0.0813, -0.1845, -0.1501, -0.2382, -0.2448, -0.1505,
          0.1410,  0.0643],
        [ 0.0767, -0.1775, -0.2053, -0.1345, -0.0179, -0.1573, -0.0443, -0.4408,
         -0.0024, -0.3654]], device='cuda:0', dtype=torch.float64)
Validation evaluation loss on best model for hp = 1e-05 is 4.834480506793714
Best layer 1 validation model parameters: tensor([[-0.1046, -0.1787,  0.1263, -0.3905, -0.2551, -0.4081, -0.2152, -0.0589,
         -0.2757, -0.2693],
        [-0.4043,  0.0905,  0.0422, -0.3467,  0.1111,  0.1156, -0.3157, -0.0414,
         -0.0359, -0.2826],
        [-0.1716, -0.1940, -0.0050, -0.4852,  0.1196,  0.0338, -0.2469, -0.2355,
          0.1083, -0.0427],
        [-0.4228, -0.2717,  0.1108,  0.1619, -0.2483, -0.2966, -0.1664, -0.1707,
         -0.3869, -0.4509],
        [-0.3841, -0.2973, -0.2660, -0.2072, -0.1741, -0.0203, -0.2588, -0.1120,
         -0.0502,  0.1572],
        [-0.3677, -0.3144, -0.1561, -0.0760, -0.0451, -0.2743,  0.0354,  0.0139,
         -0.3307, -0.2718],
        [-0.1576, -0.4577, -0.0199, -0.2562,  0.1079, -0.4233,  0.1425, -0.4673,
          0.0518, -0.0974],
        [-0.0034, -0.0791, -0.1426, -0.0691, -0.4090, -0.1703, -0.2985, -0.2408,
          0.1017,  0.0662],
        [-0.2513,  0.0680,  0.0813, -0.1845, -0.1501, -0.2382, -0.2448, -0.1505,
          0.1410,  0.0643],
        [ 0.0872, -0.1679, -0.1958, -0.1245, -0.0072, -0.1479, -0.0344, -0.4331,
          0.0080, -0.3565]], device='cuda:0', dtype=torch.float64)
Best hyperparameter is: 1
Test loss of best validation model is 4.777087609350112
